<?xml version="1.0" encoding="UTF-8"?>
<testsuites tests="910" failures="0" errors="0" time="7.112221">
	<testsuite tests="275" failures="0" skipped="2" time="2.255000" name="github.com/petabytecl/gaz" timestamp="2026-02-01T14:44:57-03:00">
		<properties>
			<property name="go.version" value="go1.25.6 linux/amd64"></property>
		</properties>
		<testcase classname="github.com/petabytecl/gaz" name="TestAppTestSuite/TestApp_CriticalWorkerShutdown" time="0.000000">
			<skipped message="=== RUN   TestAppTestSuite/TestApp_CriticalWorkerShutdown&#xA;    app_worker_test.go:312: Critical worker API not exposed via App yet&#xA;--- SKIP: TestAppTestSuite/TestApp_CriticalWorkerShutdown (0.00s)&#xA;"></skipped>
		</testcase>
		<testcase classname="github.com/petabytecl/gaz" name="TestAppTestSuite/TestApp_WorkerPanicRecovery" time="0.000000">
			<skipped message="=== RUN   TestAppTestSuite/TestApp_WorkerPanicRecovery&#xA;    app_worker_test.go:303: Panic recovery scope changed with OnStart interface - needs redesign&#xA;--- SKIP: TestAppTestSuite/TestApp_WorkerPanicRecovery (0.00s)&#xA;"></skipped>
		</testcase>
		<testcase classname="github.com/petabytecl/gaz" name="TestModuleSuite/TestEmptyModule" time="0.000000"></testcase>
		<testcase classname="github.com/petabytecl/gaz" name="TestModuleSuite/TestModuleAfterBuildPanics" time="0.000000"></testcase>
		<testcase classname="github.com/petabytecl/gaz" name="TestModuleSuite/TestModuleChaining" time="0.000000"></testcase>
		<testcase classname="github.com/petabytecl/gaz" name="TestModuleSuite/TestModuleDuplicateNameError" time="0.000000"></testcase>
		<testcase classname="github.com/petabytecl/gaz" name="TestModuleSuite/TestModuleErrorsAggregated" time="0.000000"></testcase>
		<testcase classname="github.com/petabytecl/gaz" name="TestModuleSuite/TestModuleRegistersProviders" time="0.000000"></testcase>
		<testcase classname="github.com/petabytecl/gaz" name="TestModuleSuite/TestModuleRegistrationErrorIncludesModuleName" time="0.000000"></testcase>
		<testcase classname="github.com/petabytecl/gaz" name="TestModuleSuite/TestMultipleModulesWithDifferentNames" time="0.000000"></testcase>
		<testcase classname="github.com/petabytecl/gaz" name="TestModuleSuite" time="0.000000"></testcase>
		<testcase classname="github.com/petabytecl/gaz" name="TestAppTestSuite/TestApp_WorkerAutoDiscovery" time="0.000000"></testcase>
		<testcase classname="github.com/petabytecl/gaz" name="TestAppTestSuite/TestApp_WorkerStartsAfterServices" time="0.000000"></testcase>
		<testcase classname="github.com/petabytecl/gaz" name="TestAppTestSuite/TestApp_WorkerStopsBeforeServices" time="0.000000"></testcase>
		<testcase classname="github.com/petabytecl/gaz" name="TestAppTestSuite/TestBuildAggregatesErrors" time="0.000000"></testcase>
		<testcase classname="github.com/petabytecl/gaz" name="TestAppTestSuite/TestBuildIsIdempotent" time="0.000000"></testcase>
		<testcase classname="github.com/petabytecl/gaz" name="TestAppTestSuite/TestContainerAccessor" time="0.000000"></testcase>
		<testcase classname="github.com/petabytecl/gaz" name="TestAppTestSuite/TestDependencyResolution" time="0.000000"></testcase>
		<testcase classname="github.com/petabytecl/gaz" name="TestAppTestSuite/TestDiscoverCronJobs" time="0.000000"></testcase>
		<testcase classname="github.com/petabytecl/gaz" name="TestAppTestSuite/TestDiscoverCronJobs_EmptySchedule" time="0.000000"></testcase>
		<testcase classname="github.com/petabytecl/gaz" name="TestAppTestSuite/TestDiscoverCronJobs_InvalidSchedule" time="0.000000"></testcase>
		<testcase classname="github.com/petabytecl/gaz" name="TestAppTestSuite/TestDiscoverCronJobs_NonTransient" time="0.000000"></testcase>
		<testcase classname="github.com/petabytecl/gaz" name="TestAppTestSuite/TestEagerInstantiatesAtBuild" time="0.000000"></testcase>
		<testcase classname="github.com/petabytecl/gaz" name="TestAppTestSuite/TestEventBus" time="0.000000"></testcase>
		<testcase classname="github.com/petabytecl/gaz" name="TestAppTestSuite/TestInstanceRegistration" time="0.000000"></testcase>
		<testcase classname="github.com/petabytecl/gaz" name="TestAppTestSuite/TestLoggerInjection" time="0.000000"></testcase>
		<testcase classname="github.com/petabytecl/gaz" name="TestAppTestSuite/TestNewCreatesAppWithDefaults" time="0.000000"></testcase>
		<testcase classname="github.com/petabytecl/gaz" name="TestAppTestSuite/TestNewWithShutdownTimeout" time="0.000000"></testcase>
		<testcase classname="github.com/petabytecl/gaz" name="TestAppTestSuite/TestRunAlreadyRunning" time="0.050000"></testcase>
		<testcase classname="github.com/petabytecl/gaz" name="TestAppTestSuite/TestRunAndStop" time="0.010000"></testcase>
		<testcase classname="github.com/petabytecl/gaz" name="TestAppTestSuite/TestRunContextCancelled" time="0.050000"></testcase>
		<testcase classname="github.com/petabytecl/gaz" name="TestAppTestSuite/TestRunStartError" time="0.000000"></testcase>
		<testcase classname="github.com/petabytecl/gaz" name="TestAppTestSuite/TestSignalHandling" time="0.050000"></testcase>
		<testcase classname="github.com/petabytecl/gaz" name="TestAppTestSuite/TestSingletonRegistersService" time="0.000000"></testcase>
		<testcase classname="github.com/petabytecl/gaz" name="TestAppTestSuite/TestStopError" time="0.050000"></testcase>
		<testcase classname="github.com/petabytecl/gaz" name="TestAppTestSuite/TestStopNotRunning" time="0.000000"></testcase>
		<testcase classname="github.com/petabytecl/gaz" name="TestAppTestSuite/TestTransientReturnsNewInstances" time="0.000000"></testcase>
		<testcase classname="github.com/petabytecl/gaz" name="TestAppTestSuite/TestWithLoggerConfig" time="0.000000"></testcase>
		<testcase classname="github.com/petabytecl/gaz" name="TestAppTestSuite/TestWithLoggerConfig_NilUseDefaults" time="0.000000"></testcase>
		<testcase classname="github.com/petabytecl/gaz" name="TestAppTestSuite/TestWithShutdownTimeout" time="0.000000"></testcase>
		<testcase classname="github.com/petabytecl/gaz" name="TestAppTestSuite/TestWithStrictConfig_SetsFlag" time="0.000000"></testcase>
		<testcase classname="github.com/petabytecl/gaz" name="TestAppTestSuite/TestWithStrictConfig_WithoutConfigTarget_NoEffect" time="0.000000"></testcase>
		<testcase classname="github.com/petabytecl/gaz" name="TestAppTestSuite" time="0.220000"></testcase>
		<testcase classname="github.com/petabytecl/gaz" name="TestAppUseSuite/TestApp_Use_AppliesModule" time="0.000000"></testcase>
		<testcase classname="github.com/petabytecl/gaz" name="TestAppUseSuite/TestApp_Use_Chainable" time="0.000000"></testcase>
		<testcase classname="github.com/petabytecl/gaz" name="TestAppUseSuite/TestApp_Use_DuplicateModuleReturnsError" time="0.000000"></testcase>
		<testcase classname="github.com/petabytecl/gaz" name="TestAppUseSuite/TestApp_Use_ModuleErrorCollected" time="0.000000"></testcase>
		<testcase classname="github.com/petabytecl/gaz" name="TestAppUseSuite/TestApp_Use_ModuleWithChildModules" time="0.000000"></testcase>
		<testcase classname="github.com/petabytecl/gaz" name="TestAppUseSuite/TestApp_Use_PanicsAfterBuild" time="0.000000"></testcase>
		<testcase classname="github.com/petabytecl/gaz" name="TestAppUseSuite/TestApp_Use_RegistersProviders" time="0.000000"></testcase>
		<testcase classname="github.com/petabytecl/gaz" name="TestAppUseSuite/TestApp_Use_TracksModuleNames" time="0.000000"></testcase>
		<testcase classname="github.com/petabytecl/gaz" name="TestAppUseSuite" time="0.000000"></testcase>
		<testcase classname="github.com/petabytecl/gaz" name="TestAppWorker_AutoDiscoveryDuringBuild" time="0.000000"></testcase>
		<testcase classname="github.com/petabytecl/gaz" name="TestAppWorker_MultipleWorkersStartConcurrently" time="0.000000"></testcase>
		<testcase classname="github.com/petabytecl/gaz" name="TestCobraFlagsSuite/TestConfigKeyToFlagName" time="0.000000"></testcase>
		<testcase classname="github.com/petabytecl/gaz" name="TestCobraFlagsSuite/TestRegisterCobraFlagsAllTypes" time="0.000000"></testcase>
		<testcase classname="github.com/petabytecl/gaz" name="TestCobraFlagsSuite/TestRegisterCobraFlagsBoolOverride" time="0.000000"></testcase>
		<testcase classname="github.com/petabytecl/gaz" name="TestCobraFlagsSuite/TestRegisterCobraFlagsCliOverride" time="0.000000"></testcase>
		<testcase classname="github.com/petabytecl/gaz" name="TestCobraFlagsSuite/TestRegisterCobraFlagsDurationOverride" time="0.000000"></testcase>
		<testcase classname="github.com/petabytecl/gaz" name="TestCobraFlagsSuite/TestRegisterCobraFlagsFlagsAppearInHelp" time="0.000000"></testcase>
		<testcase classname="github.com/petabytecl/gaz" name="TestCobraFlagsSuite/TestRegisterCobraFlagsFloatOverride" time="0.000000"></testcase>
		<testcase classname="github.com/petabytecl/gaz" name="TestCobraFlagsSuite/TestRegisterCobraFlagsIdempotent" time="0.000000"></testcase>
		<testcase classname="github.com/petabytecl/gaz" name="TestCobraFlagsSuite/TestRegisterCobraFlagsMultipleProviders" time="0.000000"></testcase>
		<testcase classname="github.com/petabytecl/gaz" name="TestCobraFlagsSuite/TestRegisterCobraFlagsNoProviders" time="0.000000"></testcase>
		<testcase classname="github.com/petabytecl/gaz" name="TestCobraFlagsSuite/TestRegisterCobraFlagsRegistersFlags" time="0.000000"></testcase>
		<testcase classname="github.com/petabytecl/gaz" name="TestCobraFlagsSuite/TestRegisterCobraFlagsSkipsDuplicates" time="0.000000"></testcase>
		<testcase classname="github.com/petabytecl/gaz" name="TestCobraFlagsSuite/TestRegisterCobraFlagsStringOverride" time="0.000000"></testcase>
		<testcase classname="github.com/petabytecl/gaz" name="TestCobraFlagsSuite/TestRegisterCobraFlagsUnknownTypeDefaultsToString" time="0.000000"></testcase>
		<testcase classname="github.com/petabytecl/gaz" name="TestCobraFlagsSuite/TestRegisterCobraFlagsWithBuildIntegration" time="0.000000"></testcase>
		<testcase classname="github.com/petabytecl/gaz" name="TestCobraFlagsSuite/TestRegisterCobraFlagsWithCobraLifecycle" time="0.000000"></testcase>
		<testcase classname="github.com/petabytecl/gaz" name="TestCobraFlagsSuite" time="0.000000"></testcase>
		<testcase classname="github.com/petabytecl/gaz" name="TestCobraSuite/TestFromContextReturnsNilWhenNoApp" time="0.000000"></testcase>
		<testcase classname="github.com/petabytecl/gaz" name="TestCobraSuite/TestStartWithoutBuildCallsBuild" time="0.000000"></testcase>
		<testcase classname="github.com/petabytecl/gaz" name="TestCobraSuite/TestWithCobraArgsInjection" time="0.000000"></testcase>
		<testcase classname="github.com/petabytecl/gaz" name="TestCobraSuite/TestWithCobraArgsInjectionToService" time="0.000000"></testcase>
		<testcase classname="github.com/petabytecl/gaz" name="TestCobraSuite/TestWithCobraBuildError" time="0.000000"></testcase>
		<testcase classname="github.com/petabytecl/gaz" name="TestCobraSuite/TestWithCobraBuildsAndStartsApp" time="0.000000"></testcase>
		<testcase classname="github.com/petabytecl/gaz" name="TestCobraSuite/TestWithCobraChaining" time="0.000000"></testcase>
		<testcase classname="github.com/petabytecl/gaz" name="TestCobraSuite/TestWithCobraLifecycleHooksExecuted" time="0.000000"></testcase>
		<testcase classname="github.com/petabytecl/gaz" name="TestCobraSuite/TestWithCobraPreservesExistingHooks" time="0.000000"></testcase>
		<testcase classname="github.com/petabytecl/gaz" name="TestCobraSuite/TestWithCobraSubcommandAccess" time="0.000000"></testcase>
		<testcase classname="github.com/petabytecl/gaz" name="TestCobraSuite" time="0.000000"></testcase>
		<testcase classname="github.com/petabytecl/gaz" name="TestContainerSuite/TestBuild_EagerError_PropagatesWithContext" time="0.000000"></testcase>
		<testcase classname="github.com/petabytecl/gaz" name="TestContainerSuite/TestBuild_Idempotent" time="0.000000"></testcase>
		<testcase classname="github.com/petabytecl/gaz" name="TestContainerSuite/TestBuild_InstantiatesEagerServices" time="0.000000"></testcase>
		<testcase classname="github.com/petabytecl/gaz" name="TestContainerSuite/TestBuild_ResolveAfterBuild_ReturnsCachedEagerService" time="0.000000"></testcase>
		<testcase classname="github.com/petabytecl/gaz" name="TestContainerSuite/TestDI01_RegisterWithGenerics" time="0.000000"></testcase>
		<testcase classname="github.com/petabytecl/gaz" name="TestContainerSuite/TestDI02_LazyInstantiation" time="0.000000"></testcase>
		<testcase classname="github.com/petabytecl/gaz" name="TestContainerSuite/TestDI03_ErrorPropagation" time="0.000000"></testcase>
		<testcase classname="github.com/petabytecl/gaz" name="TestContainerSuite/TestDI04_NamedImplementations" time="0.000000"></testcase>
		<testcase classname="github.com/petabytecl/gaz" name="TestContainerSuite/TestDI05_StructFieldInjection" time="0.000000"></testcase>
		<testcase classname="github.com/petabytecl/gaz" name="TestContainerSuite/TestDI06_Override" time="0.000000"></testcase>
		<testcase classname="github.com/petabytecl/gaz" name="TestContainerSuite/TestDI07_TransientServices" time="0.000000"></testcase>
		<testcase classname="github.com/petabytecl/gaz" name="TestContainerSuite/TestDI08_EagerServices" time="0.000000"></testcase>
		<testcase classname="github.com/petabytecl/gaz" name="TestContainerSuite/TestDI09_CycleDetection" time="0.000000"></testcase>
		<testcase classname="github.com/petabytecl/gaz" name="TestContainerSuite/TestGraph_CaptureDependencies" time="0.000000"></testcase>
		<testcase classname="github.com/petabytecl/gaz" name="TestContainerSuite/TestGraph_Storage" time="0.000000"></testcase>
		<testcase classname="github.com/petabytecl/gaz" name="TestContainerSuite/TestIntegration_AllRequirements" time="0.000000"></testcase>
		<testcase classname="github.com/petabytecl/gaz" name="TestContainerSuite/TestIntegration_ErrorChainContext" time="0.000000"></testcase>
		<testcase classname="github.com/petabytecl/gaz" name="TestContainerSuite/TestNewContainer" time="0.000000"></testcase>
		<testcase classname="github.com/petabytecl/gaz" name="TestContainerSuite/TestNewContainerReturnsDistinctInstances" time="0.000000"></testcase>
		<testcase classname="github.com/petabytecl/gaz" name="TestContainerSuite" time="0.000000"></testcase>
		<testcase classname="github.com/petabytecl/gaz" name="TestInjectionSuite/TestBasicInjection" time="0.000000"></testcase>
		<testcase classname="github.com/petabytecl/gaz" name="TestInjectionSuite/TestCycleViaInjection" time="0.000000"></testcase>
		<testcase classname="github.com/petabytecl/gaz" name="TestInjectionSuite/TestInstanceServiceNoInjection" time="0.000000"></testcase>
		<testcase classname="github.com/petabytecl/gaz" name="TestInjectionSuite/TestMissingDependencyReturnsError" time="0.000000"></testcase>
		<testcase classname="github.com/petabytecl/gaz" name="TestInjectionSuite/TestNamed" time="0.000000"></testcase>
		<testcase classname="github.com/petabytecl/gaz" name="TestInjectionSuite/TestNonStructPointerSkipped" time="0.000000"></testcase>
		<testcase classname="github.com/petabytecl/gaz" name="TestInjectionSuite/TestOptionalNotRegistered" time="0.000000"></testcase>
		<testcase classname="github.com/petabytecl/gaz" name="TestInjectionSuite/TestOptionalRegistered" time="0.000000"></testcase>
		<testcase classname="github.com/petabytecl/gaz" name="TestInjectionSuite/TestTransientService" time="0.000000"></testcase>
		<testcase classname="github.com/petabytecl/gaz" name="TestInjectionSuite/TestUnexportedFieldReturnsError" time="0.000000"></testcase>
		<testcase classname="github.com/petabytecl/gaz" name="TestInjectionSuite" time="0.000000"></testcase>
		<testcase classname="github.com/petabytecl/gaz" name="TestLifecycleEngineSuite/TestComputeShutdownOrder" time="0.000000"></testcase>
		<testcase classname="github.com/petabytecl/gaz" name="TestLifecycleEngineSuite/TestComputeStartupOrder_Cycle" time="0.000000"></testcase>
		<testcase classname="github.com/petabytecl/gaz" name="TestLifecycleEngineSuite/TestComputeStartupOrder_FilterNoLifecycle" time="0.000000"></testcase>
		<testcase classname="github.com/petabytecl/gaz" name="TestLifecycleEngineSuite/TestComputeStartupOrder_Parallel" time="0.000000"></testcase>
		<testcase classname="github.com/petabytecl/gaz" name="TestLifecycleEngineSuite/TestComputeStartupOrder_SimpleLinear" time="0.000000"></testcase>
		<testcase classname="github.com/petabytecl/gaz" name="TestLifecycleEngineSuite" time="0.000000"></testcase>
		<testcase classname="github.com/petabytecl/gaz" name="TestLifecycleHooks" time="0.000000"></testcase>
		<testcase classname="github.com/petabytecl/gaz" name="TestInterfaceLifecycle" time="0.000000"></testcase>
		<testcase classname="github.com/petabytecl/gaz" name="TestWithHookTimeout" time="0.000000"></testcase>
		<testcase classname="github.com/petabytecl/gaz" name="TestWithHookTimeout_MultipleApply" time="0.000000"></testcase>
		<testcase classname="github.com/petabytecl/gaz" name="TestWithHookTimeout_ZeroDuration" time="0.000000"></testcase>
		<testcase classname="github.com/petabytecl/gaz" name="TestModuleBuilderSuite/TestModuleBuilder_Apply_AppliesChildModulesFirst" time="0.000000"></testcase>
		<testcase classname="github.com/petabytecl/gaz" name="TestModuleBuilderSuite/TestModuleBuilder_Build_ReturnsModule" time="0.000000"></testcase>
		<testcase classname="github.com/petabytecl/gaz" name="TestModuleBuilderSuite/TestModuleBuilder_FlagsApplied_MultipleModules" time="0.000000"></testcase>
		<testcase classname="github.com/petabytecl/gaz" name="TestModuleBuilderSuite/TestModuleBuilder_FlagsApplied_WithCobraCommand" time="0.000000"></testcase>
		<testcase classname="github.com/petabytecl/gaz" name="TestModuleBuilderSuite/TestModuleBuilder_Flags_Chainable" time="0.000000"></testcase>
		<testcase classname="github.com/petabytecl/gaz" name="TestModuleBuilderSuite/TestModuleBuilder_Flags_NilFunction" time="0.000000"></testcase>
		<testcase classname="github.com/petabytecl/gaz" name="TestModuleBuilderSuite/TestModuleBuilder_Flags_NoCobraCommand" time="0.000000"></testcase>
		<testcase classname="github.com/petabytecl/gaz" name="TestModuleBuilderSuite/TestModuleBuilder_Flags_StoresFunction" time="0.000000"></testcase>
		<testcase classname="github.com/petabytecl/gaz" name="TestModuleBuilderSuite/TestModuleBuilder_MultipleChildModules" time="0.000000"></testcase>
		<testcase classname="github.com/petabytecl/gaz" name="TestModuleBuilderSuite/TestModuleBuilder_MultipleProviders" time="0.000000"></testcase>
		<testcase classname="github.com/petabytecl/gaz" name="TestModuleBuilderSuite/TestModuleBuilder_NestedChildModules" time="0.000000"></testcase>
		<testcase classname="github.com/petabytecl/gaz" name="TestModuleBuilderSuite/TestModuleBuilder_Provide_Chainable" time="0.000000"></testcase>
		<testcase classname="github.com/petabytecl/gaz" name="TestModuleBuilderSuite/TestModuleBuilder_Provide_RegistersProviders" time="0.000000"></testcase>
		<testcase classname="github.com/petabytecl/gaz" name="TestModuleBuilderSuite/TestModuleBuilder_ProviderError" time="0.000000"></testcase>
		<testcase classname="github.com/petabytecl/gaz" name="TestModuleBuilderSuite/TestModuleBuilder_Use_BundlesChildModule" time="0.000000"></testcase>
		<testcase classname="github.com/petabytecl/gaz" name="TestModuleBuilderSuite/TestModuleBuilder_WithEnvPrefix_Chainable" time="0.000000"></testcase>
		<testcase classname="github.com/petabytecl/gaz" name="TestModuleBuilderSuite/TestModuleBuilder_WithEnvPrefix_StoresPrefix" time="0.000000"></testcase>
		<testcase classname="github.com/petabytecl/gaz" name="TestModuleBuilderSuite/TestNewModule_ReturnsBuilder" time="0.000000"></testcase>
		<testcase classname="github.com/petabytecl/gaz" name="TestModuleBuilderSuite" time="0.000000"></testcase>
		<testcase classname="github.com/petabytecl/gaz" name="TestNewModule_ReturnsBuilder" time="0.000000"></testcase>
		<testcase classname="github.com/petabytecl/gaz" name="TestModuleBuilder_Provide_Chainable" time="0.000000"></testcase>
		<testcase classname="github.com/petabytecl/gaz" name="TestModuleBuilder_Build_ReturnsModule" time="0.000000"></testcase>
		<testcase classname="github.com/petabytecl/gaz" name="TestResolutionSuite/TestBasicResolution" time="0.000000"></testcase>
		<testcase classname="github.com/petabytecl/gaz" name="TestResolutionSuite/TestCycleDetection" time="0.000000"></testcase>
		<testcase classname="github.com/petabytecl/gaz" name="TestResolutionSuite/TestDependencyChain" time="0.000000"></testcase>
		<testcase classname="github.com/petabytecl/gaz" name="TestResolutionSuite/TestHas_NotRegistered" time="0.000000"></testcase>
		<testcase classname="github.com/petabytecl/gaz" name="TestResolutionSuite/TestHas_Registered" time="0.000000"></testcase>
		<testcase classname="github.com/petabytecl/gaz" name="TestResolutionSuite/TestInstanceDirectValue" time="0.000000"></testcase>
		<testcase classname="github.com/petabytecl/gaz" name="TestResolutionSuite/TestMustResolve_PanicsOnNotFound" time="0.000000"></testcase>
		<testcase classname="github.com/petabytecl/gaz" name="TestResolutionSuite/TestMustResolve_Success" time="0.000000"></testcase>
		<testcase classname="github.com/petabytecl/gaz" name="TestResolutionSuite/TestMustResolve_WithNamed" time="0.000000"></testcase>
		<testcase classname="github.com/petabytecl/gaz" name="TestResolutionSuite/TestNamed" time="0.000000"></testcase>
		<testcase classname="github.com/petabytecl/gaz" name="TestResolutionSuite/TestNamedNotFound" time="0.000000"></testcase>
		<testcase classname="github.com/petabytecl/gaz" name="TestResolutionSuite/TestNotFound" time="0.000000"></testcase>
		<testcase classname="github.com/petabytecl/gaz" name="TestResolutionSuite/TestProviderErrorPropagates" time="0.000000"></testcase>
		<testcase classname="github.com/petabytecl/gaz" name="TestResolutionSuite/TestSingletonSameInstance" time="0.000000"></testcase>
		<testcase classname="github.com/petabytecl/gaz" name="TestResolutionSuite/TestTransientNewInstanceEachTime" time="0.000000"></testcase>
		<testcase classname="github.com/petabytecl/gaz" name="TestResolutionSuite/TestTypeMismatch" time="0.000000"></testcase>
		<testcase classname="github.com/petabytecl/gaz" name="TestResolutionSuite" time="0.000000"></testcase>
		<testcase classname="github.com/petabytecl/gaz" name="TestShutdownTestSuite/TestBlameLoggingFormat" time="0.100000"></testcase>
		<testcase classname="github.com/petabytecl/gaz" name="TestShutdownTestSuite/TestDoubleSIGINTForcesImmediateExit" time="0.070000"></testcase>
		<testcase classname="github.com/petabytecl/gaz" name="TestShutdownTestSuite/TestFirstSIGINTLogsHint" time="1.020000"></testcase>
		<testcase classname="github.com/petabytecl/gaz" name="TestShutdownTestSuite/TestGlobalTimeoutForcesExit" time="0.550000"></testcase>
		<testcase classname="github.com/petabytecl/gaz" name="TestShutdownTestSuite/TestGracefulShutdownCompletes" time="0.050000"></testcase>
		<testcase classname="github.com/petabytecl/gaz" name="TestShutdownTestSuite/TestPerHookTimeoutContinuesToNextHook" time="0.110000"></testcase>
		<testcase classname="github.com/petabytecl/gaz" name="TestShutdownTestSuite/TestSIGTERMDoesNotEnableDoubleSignal" time="0.110000"></testcase>
		<testcase classname="github.com/petabytecl/gaz" name="TestShutdownTestSuite/TestWithPerHookTimeoutOption" time="0.000000"></testcase>
		<testcase classname="github.com/petabytecl/gaz" name="TestShutdownTestSuite/TestWithShutdownTimeoutOption" time="0.000000"></testcase>
		<testcase classname="github.com/petabytecl/gaz" name="TestShutdownTestSuite" time="2.020000"></testcase>
		<testcase classname="github.com/petabytecl/gaz" name="TestTypesSuite/TestTypeName/string" time="0.000000"></testcase>
		<testcase classname="github.com/petabytecl/gaz" name="TestTypesSuite/TestTypeName/int" time="0.000000"></testcase>
		<testcase classname="github.com/petabytecl/gaz" name="TestTypesSuite/TestTypeName/bool" time="0.000000"></testcase>
		<testcase classname="github.com/petabytecl/gaz" name="TestTypesSuite/TestTypeName" time="0.000000"></testcase>
		<testcase classname="github.com/petabytecl/gaz" name="TestTypesSuite/TestTypeNameMap" time="0.000000"></testcase>
		<testcase classname="github.com/petabytecl/gaz" name="TestTypesSuite/TestTypeNamePointer" time="0.000000"></testcase>
		<testcase classname="github.com/petabytecl/gaz" name="TestTypesSuite/TestTypeNameSlice" time="0.000000"></testcase>
		<testcase classname="github.com/petabytecl/gaz" name="TestTypesSuite" time="0.000000"></testcase>
		<testcase classname="github.com/petabytecl/gaz" name="TestIntegrationSuite/TestBuildAggregatesAllErrors" time="0.000000"></testcase>
		<testcase classname="github.com/petabytecl/gaz" name="TestIntegrationSuite/TestBuildIsIdempotent" time="0.000000"></testcase>
		<testcase classname="github.com/petabytecl/gaz" name="TestIntegrationSuite/TestCobraConfigIntegration" time="0.000000"></testcase>
		<testcase classname="github.com/petabytecl/gaz" name="TestIntegrationSuite/TestCobraSubcommandHierarchy" time="0.000000"></testcase>
		<testcase classname="github.com/petabytecl/gaz" name="TestIntegrationSuite/TestCobraWithFullLifecycle" time="0.000000"></testcase>
		<testcase classname="github.com/petabytecl/gaz" name="TestIntegrationSuite/TestCobraWithModulesAndLifecycle" time="0.000000"></testcase>
		<testcase classname="github.com/petabytecl/gaz" name="TestIntegrationSuite/TestCompleteFluentWorkflow" time="0.000000"></testcase>
		<testcase classname="github.com/petabytecl/gaz" name="TestIntegrationSuite/TestCyclicDependencyDetected" time="0.000000"></testcase>
		<testcase classname="github.com/petabytecl/gaz" name="TestIntegrationSuite/TestEmptyAppBuildsSuccessfully" time="0.000000"></testcase>
		<testcase classname="github.com/petabytecl/gaz" name="TestIntegrationSuite/TestEmptyModulesAreValid" time="0.000000"></testcase>
		<testcase classname="github.com/petabytecl/gaz" name="TestIntegrationSuite/TestFluentForTRegistration" time="0.000000"></testcase>
		<testcase classname="github.com/petabytecl/gaz" name="TestIntegrationSuite/TestMissingDependencyDetected" time="0.000000"></testcase>
		<testcase classname="github.com/petabytecl/gaz" name="TestIntegrationSuite/TestModuleRegistrationError" time="0.000000"></testcase>
		<testcase classname="github.com/petabytecl/gaz" name="TestIntegrationSuite/TestModulesWithFluentAPI" time="0.000000"></testcase>
		<testcase classname="github.com/petabytecl/gaz" name="TestIntegrationSuite/TestNestedModuleDependencies" time="0.000000"></testcase>
		<testcase classname="github.com/petabytecl/gaz" name="TestIntegrationSuite" time="0.000000"></testcase>
		<testcase classname="github.com/petabytecl/gaz" name="TestConfigSuite/TestDefaults" time="0.000000"></testcase>
		<testcase classname="github.com/petabytecl/gaz" name="TestConfigSuite/TestEnvVars" time="0.000000"></testcase>
		<testcase classname="github.com/petabytecl/gaz" name="TestConfigSuite/TestInjection" time="0.000000"></testcase>
		<testcase classname="github.com/petabytecl/gaz" name="TestConfigSuite/TestProfiles" time="0.000000"></testcase>
		<testcase classname="github.com/petabytecl/gaz" name="TestConfigSuite/TestValidation" time="0.000000"></testcase>
		<testcase classname="github.com/petabytecl/gaz" name="TestConfigSuite" time="0.000000"></testcase>
		<testcase classname="github.com/petabytecl/gaz" name="TestResolutionError_Error_WithoutChain" time="0.000000"></testcase>
		<testcase classname="github.com/petabytecl/gaz" name="TestResolutionError_Error_WithChain" time="0.000000"></testcase>
		<testcase classname="github.com/petabytecl/gaz" name="TestResolutionError_Unwrap" time="0.000000"></testcase>
		<testcase classname="github.com/petabytecl/gaz" name="TestLifecycleError_Error" time="0.000000"></testcase>
		<testcase classname="github.com/petabytecl/gaz" name="TestLifecycleError_Error_StopPhase" time="0.000000"></testcase>
		<testcase classname="github.com/petabytecl/gaz" name="TestLifecycleError_Unwrap" time="0.000000"></testcase>
		<testcase classname="github.com/petabytecl/gaz" name="TestNewFieldError_CreatesFieldError" time="0.000000"></testcase>
		<testcase classname="github.com/petabytecl/gaz" name="TestNewValidationError_CreatesValidationError" time="0.000000"></testcase>
		<testcase classname="github.com/petabytecl/gaz" name="TestValidationError_Errors" time="0.000000"></testcase>
		<testcase classname="github.com/petabytecl/gaz" name="TestSentinelErrors_DIPackageCompatibility" time="0.000000"></testcase>
		<testcase classname="github.com/petabytecl/gaz" name="TestProviderConfigSuite/TestAllTypes" time="0.000000"></testcase>
		<testcase classname="github.com/petabytecl/gaz" name="TestProviderConfigSuite/TestBasicConfigProvider" time="0.000000"></testcase>
		<testcase classname="github.com/petabytecl/gaz" name="TestProviderConfigSuite/TestDefaultValue" time="0.000000"></testcase>
		<testcase classname="github.com/petabytecl/gaz" name="TestProviderConfigSuite/TestEnvVarTranslation" time="0.000000"></testcase>
		<testcase classname="github.com/petabytecl/gaz" name="TestProviderConfigSuite/TestKeyCollision" time="0.000000"></testcase>
		<testcase classname="github.com/petabytecl/gaz" name="TestProviderConfigSuite/TestMultipleProviders" time="0.000000"></testcase>
		<testcase classname="github.com/petabytecl/gaz" name="TestProviderConfigSuite/TestNamespacePrefixing" time="0.000000"></testcase>
		<testcase classname="github.com/petabytecl/gaz" name="TestProviderConfigSuite/TestNoConfigManager" time="0.000000"></testcase>
		<testcase classname="github.com/petabytecl/gaz" name="TestProviderConfigSuite/TestNonConfigProvider" time="0.000000"></testcase>
		<testcase classname="github.com/petabytecl/gaz" name="TestProviderConfigSuite/TestProviderValues_Unmarshal" time="0.000000"></testcase>
		<testcase classname="github.com/petabytecl/gaz" name="TestProviderConfigSuite/TestProviderValues_UnmarshalKey_MissingNamespace" time="0.000000"></testcase>
		<testcase classname="github.com/petabytecl/gaz" name="TestProviderConfigSuite/TestProviderValues_UnmarshalKey_NestedStruct" time="0.000000"></testcase>
		<testcase classname="github.com/petabytecl/gaz" name="TestProviderConfigSuite/TestProviderValues_UnmarshalKey_PartialFill" time="0.000000"></testcase>
		<testcase classname="github.com/petabytecl/gaz" name="TestProviderConfigSuite/TestProviderValues_UnmarshalKey_SimpleStruct" time="0.000000"></testcase>
		<testcase classname="github.com/petabytecl/gaz" name="TestProviderConfigSuite/TestRequiredMissing" time="0.000000"></testcase>
		<testcase classname="github.com/petabytecl/gaz" name="TestProviderConfigSuite/TestRequiredSet" time="0.000000"></testcase>
		<testcase classname="github.com/petabytecl/gaz" name="TestProviderConfigSuite" time="0.000000"></testcase>
		<testcase classname="github.com/petabytecl/gaz" name="TestRegistrationSuite/TestFor_ChainedOptions_Work" time="0.000000"></testcase>
		<testcase classname="github.com/petabytecl/gaz" name="TestRegistrationSuite/TestFor_Duplicate_Instance_ReturnsError" time="0.000000"></testcase>
		<testcase classname="github.com/petabytecl/gaz" name="TestRegistrationSuite/TestFor_Duplicate_ReturnsError" time="0.000000"></testcase>
		<testcase classname="github.com/petabytecl/gaz" name="TestRegistrationSuite/TestFor_Eager_CreatesEagerService" time="0.000000"></testcase>
		<testcase classname="github.com/petabytecl/gaz" name="TestRegistrationSuite/TestFor_Instance_RegistersValue" time="0.000000"></testcase>
		<testcase classname="github.com/petabytecl/gaz" name="TestRegistrationSuite/TestFor_Named_CreatesSeparateEntry" time="0.000000"></testcase>
		<testcase classname="github.com/petabytecl/gaz" name="TestRegistrationSuite/TestFor_Named_DuplicateSameName_ReturnsError" time="0.000000"></testcase>
		<testcase classname="github.com/petabytecl/gaz" name="TestRegistrationSuite/TestFor_ProviderFunc_RegistersService" time="0.000000"></testcase>
		<testcase classname="github.com/petabytecl/gaz" name="TestRegistrationSuite/TestFor_Provider_RegistersService" time="0.000000"></testcase>
		<testcase classname="github.com/petabytecl/gaz" name="TestRegistrationSuite/TestFor_Replace_AllowsOverwrite" time="0.000000"></testcase>
		<testcase classname="github.com/petabytecl/gaz" name="TestRegistrationSuite/TestFor_Replace_Instance_AllowsOverwrite" time="0.000000"></testcase>
		<testcase classname="github.com/petabytecl/gaz" name="TestRegistrationSuite/TestFor_Transient_CreatesTransientService" time="0.000000"></testcase>
		<testcase classname="github.com/petabytecl/gaz" name="TestRegistrationSuite" time="0.000000"></testcase>
		<testcase classname="github.com/petabytecl/gaz" name="TestValidationSuite/TestAllErrorsCollected" time="0.000000"></testcase>
		<testcase classname="github.com/petabytecl/gaz" name="TestValidationSuite/TestConfigManagerValidation" time="0.000000"></testcase>
		<testcase classname="github.com/petabytecl/gaz" name="TestValidationSuite/TestEmailValidation" time="0.000000"></testcase>
		<testcase classname="github.com/petabytecl/gaz" name="TestValidationSuite/TestErrorMessageFormat" time="0.000000"></testcase>
		<testcase classname="github.com/petabytecl/gaz" name="TestValidationSuite/TestGtLtValidation" time="0.000000"></testcase>
		<testcase classname="github.com/petabytecl/gaz" name="TestValidationSuite/TestGteLteValidation" time="0.000000"></testcase>
		<testcase classname="github.com/petabytecl/gaz" name="TestValidationSuite/TestIPValidation" time="0.000000"></testcase>
		<testcase classname="github.com/petabytecl/gaz" name="TestValidationSuite/TestIPv4Validation" time="0.000000"></testcase>
		<testcase classname="github.com/petabytecl/gaz" name="TestValidationSuite/TestIPv6Validation" time="0.000000"></testcase>
		<testcase classname="github.com/petabytecl/gaz" name="TestValidationSuite/TestMapstructureFieldNames" time="0.000000"></testcase>
		<testcase classname="github.com/petabytecl/gaz" name="TestValidationSuite/TestMinMaxValidation" time="0.000000"></testcase>
		<testcase classname="github.com/petabytecl/gaz" name="TestValidationSuite/TestNestedStructValidation" time="0.000000"></testcase>
		<testcase classname="github.com/petabytecl/gaz" name="TestValidationSuite/TestOneOfValidation" time="0.000000"></testcase>
		<testcase classname="github.com/petabytecl/gaz" name="TestValidationSuite/TestRequiredIfValidation" time="0.000000"></testcase>
		<testcase classname="github.com/petabytecl/gaz" name="TestValidationSuite/TestRequiredUnlessValidation" time="0.000000"></testcase>
		<testcase classname="github.com/petabytecl/gaz" name="TestValidationSuite/TestRequiredValidation" time="0.000000"></testcase>
		<testcase classname="github.com/petabytecl/gaz" name="TestValidationSuite/TestRequiredWithValidation" time="0.000000"></testcase>
		<testcase classname="github.com/petabytecl/gaz" name="TestValidationSuite/TestRequiredWithoutValidation" time="0.000000"></testcase>
		<testcase classname="github.com/petabytecl/gaz" name="TestValidationSuite/TestURLValidation" time="0.000000"></testcase>
		<testcase classname="github.com/petabytecl/gaz" name="TestValidationSuite/TestUnknownTagValidation" time="0.000000"></testcase>
		<testcase classname="github.com/petabytecl/gaz" name="TestValidationSuite/TestValidationAfterDefaults" time="0.000000"></testcase>
		<testcase classname="github.com/petabytecl/gaz" name="TestValidationSuite/TestValidationBeforeCustomValidate" time="0.000000"></testcase>
		<testcase classname="github.com/petabytecl/gaz" name="TestValidationSuite/TestValidationPassesThenCustomValidate" time="0.000000"></testcase>
		<testcase classname="github.com/petabytecl/gaz" name="TestValidationSuite" time="0.000000"></testcase>
		<testcase classname="github.com/petabytecl/gaz" name="Example_lifecycle" time="0.000000"></testcase>
		<testcase classname="github.com/petabytecl/gaz" name="Example_lifecycleOrder" time="0.000000"></testcase>
		<testcase classname="github.com/petabytecl/gaz" name="ExampleNew" time="0.000000"></testcase>
		<testcase classname="github.com/petabytecl/gaz" name="ExampleFor_singleton" time="0.000000"></testcase>
		<testcase classname="github.com/petabytecl/gaz" name="ExampleFor_transient" time="0.000000"></testcase>
		<testcase classname="github.com/petabytecl/gaz" name="ExampleResolve" time="0.000000"></testcase>
		<testcase classname="github.com/petabytecl/gaz" name="ExampleFor_provider" time="0.000000"></testcase>
		<testcase classname="github.com/petabytecl/gaz" name="ExampleContainer_Build" time="0.000000"></testcase>
	</testsuite>
	<testsuite tests="124" failures="0" time="0.012000" name="github.com/petabytecl/gaz/config" timestamp="2026-02-01T14:44:57-03:00">
		<properties>
			<property name="go.version" value="go1.25.6 linux/amd64"></property>
		</properties>
		<testcase classname="github.com/petabytecl/gaz/config" name="TestNewModule/zero_arguments_works_with_defaults" time="0.000000"></testcase>
		<testcase classname="github.com/petabytecl/gaz/config" name="TestNewModule/returns_valid_di.Module" time="0.000000"></testcase>
		<testcase classname="github.com/petabytecl/gaz/config" name="TestNewModule/accepts_options" time="0.000000"></testcase>
		<testcase classname="github.com/petabytecl/gaz/config" name="TestNewModule" time="0.000000"></testcase>
		<testcase classname="github.com/petabytecl/gaz/config" name="TestGet_String_ReturnsValue" time="0.000000"></testcase>
		<testcase classname="github.com/petabytecl/gaz/config" name="TestGet_Int_ReturnsValue" time="0.000000"></testcase>
		<testcase classname="github.com/petabytecl/gaz/config" name="TestGet_Bool_ReturnsValue" time="0.000000"></testcase>
		<testcase classname="github.com/petabytecl/gaz/config" name="TestGet_Float64_ReturnsValue" time="0.000000"></testcase>
		<testcase classname="github.com/petabytecl/gaz/config" name="TestGet_MissingKey_ReturnsZeroValue" time="0.000000"></testcase>
		<testcase classname="github.com/petabytecl/gaz/config" name="TestGet_TypeMismatch_ReturnsZeroValue" time="0.000000"></testcase>
		<testcase classname="github.com/petabytecl/gaz/config" name="TestGetOr_MissingKey_ReturnsFallback" time="0.000000"></testcase>
		<testcase classname="github.com/petabytecl/gaz/config" name="TestGetOr_TypeMismatch_ReturnsFallback" time="0.000000"></testcase>
		<testcase classname="github.com/petabytecl/gaz/config" name="TestGetOr_ValuePresent_ReturnsValue" time="0.000000"></testcase>
		<testcase classname="github.com/petabytecl/gaz/config" name="TestGetOr_Duration_Works" time="0.000000"></testcase>
		<testcase classname="github.com/petabytecl/gaz/config" name="TestMustGet_ValuePresent_ReturnsValue" time="0.000000"></testcase>
		<testcase classname="github.com/petabytecl/gaz/config" name="TestMustGet_MissingKey_Panics" time="0.000000"></testcase>
		<testcase classname="github.com/petabytecl/gaz/config" name="TestMustGet_TypeMismatch_Panics" time="0.000000"></testcase>
		<testcase classname="github.com/petabytecl/gaz/config" name="TestGet_NestedKey_Works" time="0.000000"></testcase>
		<testcase classname="github.com/petabytecl/gaz/config" name="TestGetOr_NestedKey_Works" time="0.000000"></testcase>
		<testcase classname="github.com/petabytecl/gaz/config" name="TestMustGet_TypeMismatch_PanicMessageContainsString" time="0.000000"></testcase>
		<testcase classname="github.com/petabytecl/gaz/config" name="TestMustGet_TypeMismatch_PanicMessageContainsInt" time="0.000000"></testcase>
		<testcase classname="github.com/petabytecl/gaz/config" name="TestMustGet_TypeMismatch_PanicMessageContainsInt64" time="0.000000"></testcase>
		<testcase classname="github.com/petabytecl/gaz/config" name="TestMustGet_TypeMismatch_PanicMessageContainsFloat64" time="0.000000"></testcase>
		<testcase classname="github.com/petabytecl/gaz/config" name="TestMustGet_TypeMismatch_PanicMessageContainsBool" time="0.000000"></testcase>
		<testcase classname="github.com/petabytecl/gaz/config" name="TestMustGet_TypeMismatch_PanicMessageContainsUnknown" time="0.000000"></testcase>
		<testcase classname="github.com/petabytecl/gaz/config" name="TestNew_WithBackend_ReturnsManager" time="0.000000"></testcase>
		<testcase classname="github.com/petabytecl/gaz/config" name="TestNew_WithoutBackend_Panics" time="0.000000"></testcase>
		<testcase classname="github.com/petabytecl/gaz/config" name="TestNewWithBackend_ReturnsManager" time="0.000000"></testcase>
		<testcase classname="github.com/petabytecl/gaz/config" name="TestNewWithBackend_NilBackend_Panics" time="0.000000"></testcase>
		<testcase classname="github.com/petabytecl/gaz/config" name="TestNew_WithOptions_AppliesOptions" time="0.000000"></testcase>
		<testcase classname="github.com/petabytecl/gaz/config" name="TestLoad_WithMissingConfigFile_NoError" time="0.000000"></testcase>
		<testcase classname="github.com/petabytecl/gaz/config" name="TestLoad_WithValidConfigFile" time="0.000000"></testcase>
		<testcase classname="github.com/petabytecl/gaz/config" name="TestLoad_WithDefaults_AppliesDefaults" time="0.000000"></testcase>
		<testcase classname="github.com/petabytecl/gaz/config" name="TestLoad_WithEnvPrefix_BindsEnvVars" time="0.000000"></testcase>
		<testcase classname="github.com/petabytecl/gaz/config" name="TestLoad_WithProfileConfig_MergesProfile" time="0.000000"></testcase>
		<testcase classname="github.com/petabytecl/gaz/config" name="TestLoadInto_UnmarshalsIntoStruct" time="0.000000"></testcase>
		<testcase classname="github.com/petabytecl/gaz/config" name="TestLoadInto_CallsDefaulter" time="0.000000"></testcase>
		<testcase classname="github.com/petabytecl/gaz/config" name="TestLoadInto_ValidatesStructTags" time="0.000000"></testcase>
		<testcase classname="github.com/petabytecl/gaz/config" name="TestLoadInto_CallsCustomValidator" time="0.000000"></testcase>
		<testcase classname="github.com/petabytecl/gaz/config" name="TestLoadInto_WithNilTarget_NoError" time="0.000000"></testcase>
		<testcase classname="github.com/petabytecl/gaz/config" name="TestLoadInto_WithEnvVars_BindsToStruct" time="0.000000"></testcase>
		<testcase classname="github.com/petabytecl/gaz/config" name="TestBackend_ReturnsUnderlyingBackend" time="0.000000"></testcase>
		<testcase classname="github.com/petabytecl/gaz/config" name="TestRegisterProviderFlags_SetsDefaults" time="0.000000"></testcase>
		<testcase classname="github.com/petabytecl/gaz/config" name="TestValidateProviderFlags_ReturnsErrorsForMissing" time="0.000000"></testcase>
		<testcase classname="github.com/petabytecl/gaz/config" name="TestValidateProviderFlags_NoErrorsWhenSet" time="0.000000"></testcase>
		<testcase classname="github.com/petabytecl/gaz/config" name="TestBindFlags_WithCobraFlags_BindsToConfig" time="0.000000"></testcase>
		<testcase classname="github.com/petabytecl/gaz/config" name="TestBindFlags_WithDefaultValues_UsesDefaults" time="0.000000"></testcase>
		<testcase classname="github.com/petabytecl/gaz/config" name="TestBindFlags_WithNilFlagSet_Panics" time="0.000000"></testcase>
		<testcase classname="github.com/petabytecl/gaz/config" name="TestBindFlags_OverridesConfigFileValues" time="0.000000"></testcase>
		<testcase classname="github.com/petabytecl/gaz/config" name="TestWithConfigFile_LoadsFromExplicitPath" time="0.000000"></testcase>
		<testcase classname="github.com/petabytecl/gaz/config" name="TestWithConfigFile_IgnoresSearchPaths" time="0.000000"></testcase>
		<testcase classname="github.com/petabytecl/gaz/config" name="TestWithConfigFile_NonExistentFile_ReturnsError" time="0.000000"></testcase>
		<testcase classname="github.com/petabytecl/gaz/config" name="TestLoadIntoStrict_NilTarget_NoError" time="0.000000"></testcase>
		<testcase classname="github.com/petabytecl/gaz/config" name="TestLoadIntoStrict_ValidConfig_Succeeds" time="0.000000"></testcase>
		<testcase classname="github.com/petabytecl/gaz/config" name="TestLoadIntoStrict_UnknownKeys_ReturnsError" time="0.000000"></testcase>
		<testcase classname="github.com/petabytecl/gaz/config" name="TestLoadIntoStrict_WithDefaulter_AppliesDefaults" time="0.000000"></testcase>
		<testcase classname="github.com/petabytecl/gaz/config" name="TestLoadIntoStrict_WithEnvPrefix_BindsEnvVars" time="0.000000"></testcase>
		<testcase classname="github.com/petabytecl/gaz/config" name="TestMapBackend_NewWithNil" time="0.000000"></testcase>
		<testcase classname="github.com/petabytecl/gaz/config" name="TestMapBackend_NewWithValues" time="0.000000"></testcase>
		<testcase classname="github.com/petabytecl/gaz/config" name="TestMapBackend_Set" time="0.000000"></testcase>
		<testcase classname="github.com/petabytecl/gaz/config" name="TestMapBackend_SetDefault" time="0.000000"></testcase>
		<testcase classname="github.com/petabytecl/gaz/config" name="TestMapBackend_IsSet" time="0.000000"></testcase>
		<testcase classname="github.com/petabytecl/gaz/config" name="TestMapBackend_Get" time="0.000000"></testcase>
		<testcase classname="github.com/petabytecl/gaz/config" name="TestMapBackend_TypeMismatch" time="0.000000"></testcase>
		<testcase classname="github.com/petabytecl/gaz/config" name="TestMapBackend_ThreadSafety" time="0.000000"></testcase>
		<testcase classname="github.com/petabytecl/gaz/config" name="TestTestManager_EmptyConfig" time="0.000000"></testcase>
		<testcase classname="github.com/petabytecl/gaz/config" name="TestTestManager_WithValues" time="0.000000"></testcase>
		<testcase classname="github.com/petabytecl/gaz/config" name="TestSampleConfig_Default" time="0.000000"></testcase>
		<testcase classname="github.com/petabytecl/gaz/config" name="TestSampleConfig_DefaultPreservesValues" time="0.000000"></testcase>
		<testcase classname="github.com/petabytecl/gaz/config" name="TestRequireConfigValue" time="0.000000"></testcase>
		<testcase classname="github.com/petabytecl/gaz/config" name="TestRequireConfigString" time="0.000000"></testcase>
		<testcase classname="github.com/petabytecl/gaz/config" name="TestRequireConfigInt" time="0.000000"></testcase>
		<testcase classname="github.com/petabytecl/gaz/config" name="TestRequireConfigBool" time="0.000000"></testcase>
		<testcase classname="github.com/petabytecl/gaz/config" name="TestRequireConfigIsSet" time="0.000000"></testcase>
		<testcase classname="github.com/petabytecl/gaz/config" name="TestMapBackend_Unmarshal" time="0.000000"></testcase>
		<testcase classname="github.com/petabytecl/gaz/config" name="TestMapBackend_UnmarshalKey" time="0.000000"></testcase>
		<testcase classname="github.com/petabytecl/gaz/config" name="TestRequireConfigLoaded" time="0.000000"></testcase>
		<testcase classname="github.com/petabytecl/gaz/config" name="TestValidateStruct_ValidStruct_ReturnsNil" time="0.000000"></testcase>
		<testcase classname="github.com/petabytecl/gaz/config" name="TestValidateStruct_MissingRequired_ReturnsError" time="0.000000"></testcase>
		<testcase classname="github.com/petabytecl/gaz/config" name="TestValidateStruct_MinViolation_ReturnsError" time="0.000000"></testcase>
		<testcase classname="github.com/petabytecl/gaz/config" name="TestValidateStruct_MaxViolation_ReturnsError" time="0.000000"></testcase>
		<testcase classname="github.com/petabytecl/gaz/config" name="TestValidateStruct_NestedStruct_ValidatesNested" time="0.000000"></testcase>
		<testcase classname="github.com/petabytecl/gaz/config" name="TestValidateStruct_OneOf_ValidValue" time="0.000000"></testcase>
		<testcase classname="github.com/petabytecl/gaz/config" name="TestValidateStruct_OneOf_InvalidValue" time="0.000000"></testcase>
		<testcase classname="github.com/petabytecl/gaz/config" name="TestValidationError_Error_FormatsCorrectly" time="0.000000"></testcase>
		<testcase classname="github.com/petabytecl/gaz/config" name="TestValidationError_Unwrap_ReturnsErrConfigValidation" time="0.000000"></testcase>
		<testcase classname="github.com/petabytecl/gaz/config" name="TestFieldError_String_WithTag" time="0.000000"></testcase>
		<testcase classname="github.com/petabytecl/gaz/config" name="TestFieldError_String_WithoutTag" time="0.000000"></testcase>
		<testcase classname="github.com/petabytecl/gaz/config" name="TestValidateStruct_UsesMapstructureTagInErrorMessage" time="0.000000"></testcase>
		<testcase classname="github.com/petabytecl/gaz/config" name="TestHumanizeTag_Gte_Message" time="0.000000"></testcase>
		<testcase classname="github.com/petabytecl/gaz/config" name="TestHumanizeTag_Lte_Message" time="0.000000"></testcase>
		<testcase classname="github.com/petabytecl/gaz/config" name="TestHumanizeTag_Gt_Message" time="0.000000"></testcase>
		<testcase classname="github.com/petabytecl/gaz/config" name="TestHumanizeTag_Lt_Message" time="0.000000"></testcase>
		<testcase classname="github.com/petabytecl/gaz/config" name="TestHumanizeTag_Email_Message" time="0.000000"></testcase>
		<testcase classname="github.com/petabytecl/gaz/config" name="TestHumanizeTag_URL_Message" time="0.000000"></testcase>
		<testcase classname="github.com/petabytecl/gaz/config" name="TestHumanizeTag_IP_Message" time="0.000000"></testcase>
		<testcase classname="github.com/petabytecl/gaz/config" name="TestHumanizeTag_IPv4_Message" time="0.000000"></testcase>
		<testcase classname="github.com/petabytecl/gaz/config" name="TestHumanizeTag_IPv6_Message" time="0.000000"></testcase>
		<testcase classname="github.com/petabytecl/gaz/config" name="TestHumanizeTag_RequiredIf_Message" time="0.000000"></testcase>
		<testcase classname="github.com/petabytecl/gaz/config" name="TestHumanizeTag_RequiredUnless_Message" time="0.000000"></testcase>
		<testcase classname="github.com/petabytecl/gaz/config" name="TestHumanizeTag_RequiredWith_Message" time="0.000000"></testcase>
		<testcase classname="github.com/petabytecl/gaz/config" name="TestHumanizeTag_RequiredWithout_Message" time="0.000000"></testcase>
		<testcase classname="github.com/petabytecl/gaz/config" name="TestHumanizeTag_UnknownTag_DefaultMessage" time="0.000000"></testcase>
		<testcase classname="github.com/petabytecl/gaz/config" name="TestValidateStruct_MultipleErrors_ReportsAll" time="0.000000"></testcase>
		<testcase classname="github.com/petabytecl/gaz/config" name="ExampleNewMapBackend" time="0.000000"></testcase>
		<testcase classname="github.com/petabytecl/gaz/config" name="ExampleMapBackend_Get" time="0.000000"></testcase>
		<testcase classname="github.com/petabytecl/gaz/config" name="ExampleMapBackend_Set" time="0.000000"></testcase>
		<testcase classname="github.com/petabytecl/gaz/config" name="ExampleMapBackend_SetDefault" time="0.000000"></testcase>
		<testcase classname="github.com/petabytecl/gaz/config" name="ExampleMapBackend_IsSet" time="0.000000"></testcase>
		<testcase classname="github.com/petabytecl/gaz/config" name="ExampleNew" time="0.000000"></testcase>
		<testcase classname="github.com/petabytecl/gaz/config" name="ExampleNewWithBackend" time="0.000000"></testcase>
		<testcase classname="github.com/petabytecl/gaz/config" name="ExampleManager_Backend" time="0.000000"></testcase>
		<testcase classname="github.com/petabytecl/gaz/config" name="ExampleTestManager" time="0.000000"></testcase>
		<testcase classname="github.com/petabytecl/gaz/config" name="ExampleBackend_GetString" time="0.000000"></testcase>
		<testcase classname="github.com/petabytecl/gaz/config" name="ExampleBackend_GetInt" time="0.000000"></testcase>
		<testcase classname="github.com/petabytecl/gaz/config" name="ExampleBackend_GetBool" time="0.000000"></testcase>
		<testcase classname="github.com/petabytecl/gaz/config" name="ExampleValidateStruct" time="0.000000"></testcase>
		<testcase classname="github.com/petabytecl/gaz/config" name="ExampleSampleConfig" time="0.000000"></testcase>
		<testcase classname="github.com/petabytecl/gaz/config" name="ExampleRequireConfigValue" time="0.000000"></testcase>
		<testcase classname="github.com/petabytecl/gaz/config" name="ExampleRequireConfigString" time="0.000000"></testcase>
		<testcase classname="github.com/petabytecl/gaz/config" name="ExampleRequireConfigInt" time="0.000000"></testcase>
		<testcase classname="github.com/petabytecl/gaz/config" name="ExampleRequireConfigIsSet" time="0.000000"></testcase>
		<testcase classname="github.com/petabytecl/gaz/config" name="ExampleWithBackend" time="0.000000"></testcase>
		<testcase classname="github.com/petabytecl/gaz/config" name="ExampleWithDefaults" time="0.000000"></testcase>
	</testsuite>
	<testsuite tests="46" failures="0" time="0.006000" name="github.com/petabytecl/gaz/config/viper" timestamp="2026-02-01T14:44:57-03:00">
		<properties>
			<property name="go.version" value="go1.25.6 linux/amd64"></property>
		</properties>
		<testcase classname="github.com/petabytecl/gaz/config/viper" name="TestNew_ReturnsBackend" time="0.000000"></testcase>
		<testcase classname="github.com/petabytecl/gaz/config/viper" name="TestNewWithViper_ReturnsBackend" time="0.000000"></testcase>
		<testcase classname="github.com/petabytecl/gaz/config/viper" name="TestBackend_Get_Set" time="0.000000"></testcase>
		<testcase classname="github.com/petabytecl/gaz/config/viper" name="TestBackend_GetString" time="0.000000"></testcase>
		<testcase classname="github.com/petabytecl/gaz/config/viper" name="TestBackend_GetInt" time="0.000000"></testcase>
		<testcase classname="github.com/petabytecl/gaz/config/viper" name="TestBackend_GetBool" time="0.000000"></testcase>
		<testcase classname="github.com/petabytecl/gaz/config/viper" name="TestBackend_GetDuration" time="0.000000"></testcase>
		<testcase classname="github.com/petabytecl/gaz/config/viper" name="TestBackend_GetFloat64" time="0.000000"></testcase>
		<testcase classname="github.com/petabytecl/gaz/config/viper" name="TestBackend_SetDefault" time="0.000000"></testcase>
		<testcase classname="github.com/petabytecl/gaz/config/viper" name="TestBackend_IsSet" time="0.000000"></testcase>
		<testcase classname="github.com/petabytecl/gaz/config/viper" name="TestBackend_Unmarshal" time="0.000000"></testcase>
		<testcase classname="github.com/petabytecl/gaz/config/viper" name="TestBackend_UnmarshalKey" time="0.000000"></testcase>
		<testcase classname="github.com/petabytecl/gaz/config/viper" name="TestBackend_WatchConfig_DoesNotPanic" time="0.000000"></testcase>
		<testcase classname="github.com/petabytecl/gaz/config/viper" name="TestBackend_OnConfigChange_AcceptsCallback" time="0.000000"></testcase>
		<testcase classname="github.com/petabytecl/gaz/config/viper" name="TestBackend_WriteConfigAs" time="0.000000"></testcase>
		<testcase classname="github.com/petabytecl/gaz/config/viper" name="TestBackend_SafeWriteConfigAs_DoesNotOverwrite" time="0.000000"></testcase>
		<testcase classname="github.com/petabytecl/gaz/config/viper" name="TestBackend_SetEnvPrefix" time="0.000000"></testcase>
		<testcase classname="github.com/petabytecl/gaz/config/viper" name="TestBackend_BindEnv" time="0.000000"></testcase>
		<testcase classname="github.com/petabytecl/gaz/config/viper" name="TestBackend_AutomaticEnv" time="0.000000"></testcase>
		<testcase classname="github.com/petabytecl/gaz/config/viper" name="TestBackend_SetEnvKeyReplacer" time="0.000000"></testcase>
		<testcase classname="github.com/petabytecl/gaz/config/viper" name="TestBackend_SetStringsReplacer" time="0.000000"></testcase>
		<testcase classname="github.com/petabytecl/gaz/config/viper" name="TestBackend_SetConfigName_SetConfigType_AddConfigPath" time="0.000000"></testcase>
		<testcase classname="github.com/petabytecl/gaz/config/viper" name="TestBackend_ReadInConfig_WithValidFile" time="0.000000"></testcase>
		<testcase classname="github.com/petabytecl/gaz/config/viper" name="TestBackend_MergeInConfig" time="0.000000"></testcase>
		<testcase classname="github.com/petabytecl/gaz/config/viper" name="TestBackend_ConfigFileUsed" time="0.000000"></testcase>
		<testcase classname="github.com/petabytecl/gaz/config/viper" name="TestBackend_AllSettings" time="0.000000"></testcase>
		<testcase classname="github.com/petabytecl/gaz/config/viper" name="TestBackend_Viper_ReturnsUnderlyingViper" time="0.000000"></testcase>
		<testcase classname="github.com/petabytecl/gaz/config/viper" name="TestIsConfigFileNotFoundError_ReturnsTrue" time="0.000000"></testcase>
		<testcase classname="github.com/petabytecl/gaz/config/viper" name="TestIsConfigFileNotFoundError_ReturnsFalse" time="0.000000"></testcase>
		<testcase classname="github.com/petabytecl/gaz/config/viper" name="TestBackend_ImplementsBackend" time="0.000000"></testcase>
		<testcase classname="github.com/petabytecl/gaz/config/viper" name="TestBackend_ImplementsWatcher" time="0.000000"></testcase>
		<testcase classname="github.com/petabytecl/gaz/config/viper" name="TestBackend_ImplementsWriter" time="0.000000"></testcase>
		<testcase classname="github.com/petabytecl/gaz/config/viper" name="TestBackend_ImplementsEnvBinder" time="0.000000"></testcase>
		<testcase classname="github.com/petabytecl/gaz/config/viper" name="TestBackend_WriteConfig" time="0.000000"></testcase>
		<testcase classname="github.com/petabytecl/gaz/config/viper" name="TestBackend_SafeWriteConfig" time="0.000000"></testcase>
		<testcase classname="github.com/petabytecl/gaz/config/viper" name="TestBackend_SetConfigFile" time="0.000000"></testcase>
		<testcase classname="github.com/petabytecl/gaz/config/viper" name="TestBackend_BindPFlags" time="0.000000"></testcase>
		<testcase classname="github.com/petabytecl/gaz/config/viper" name="TestBackend_BindPFlag" time="0.000000"></testcase>
		<testcase classname="github.com/petabytecl/gaz/config/viper" name="TestBackend_BindPFlag_WithDefault" time="0.000000"></testcase>
		<testcase classname="github.com/petabytecl/gaz/config/viper" name="TestBackend_ImplementsFlagBinder" time="0.000000"></testcase>
		<testcase classname="github.com/petabytecl/gaz/config/viper" name="TestBackend_UnmarshalWithGazTag" time="0.000000"></testcase>
		<testcase classname="github.com/petabytecl/gaz/config/viper" name="TestBackend_UnmarshalKeyWithGazTag" time="0.000000"></testcase>
		<testcase classname="github.com/petabytecl/gaz/config/viper" name="TestBackend_HasKey_DirectKey" time="0.000000"></testcase>
		<testcase classname="github.com/petabytecl/gaz/config/viper" name="TestBackend_HasKey_NestedKey" time="0.000000"></testcase>
		<testcase classname="github.com/petabytecl/gaz/config/viper" name="TestBackend_MergeConfigMap" time="0.000000"></testcase>
		<testcase classname="github.com/petabytecl/gaz/config/viper" name="TestBackend_MergeConfigMap_Nested" time="0.000000"></testcase>
	</testsuite>
	<testsuite tests="71" failures="0" time="0.168000" name="github.com/petabytecl/gaz/cron" timestamp="2026-02-01T14:44:57-03:00">
		<properties>
			<property name="go.version" value="go1.25.6 linux/amd64"></property>
		</properties>
		<testcase classname="github.com/petabytecl/gaz/cron" name="TestNewSlogAdapter" time="0.000000"></testcase>
		<testcase classname="github.com/petabytecl/gaz/cron" name="TestSlogAdapter_Info" time="0.000000"></testcase>
		<testcase classname="github.com/petabytecl/gaz/cron" name="TestSlogAdapter_Info_EmptyKeyValues" time="0.000000"></testcase>
		<testcase classname="github.com/petabytecl/gaz/cron" name="TestSlogAdapter_Error" time="0.000000"></testcase>
		<testcase classname="github.com/petabytecl/gaz/cron" name="TestSlogAdapter_Error_NilError" time="0.000000"></testcase>
		<testcase classname="github.com/petabytecl/gaz/cron" name="TestKeysAndValuesToSlog_ValidPairs" time="0.000000"></testcase>
		<testcase classname="github.com/petabytecl/gaz/cron" name="TestKeysAndValuesToSlog_NonStringKey" time="0.000000"></testcase>
		<testcase classname="github.com/petabytecl/gaz/cron" name="TestKeysAndValuesToSlog_OddLength" time="0.000000"></testcase>
		<testcase classname="github.com/petabytecl/gaz/cron" name="TestKeysAndValuesToSlog_Empty" time="0.000000"></testcase>
		<testcase classname="github.com/petabytecl/gaz/cron" name="TestSlogAdapter_MultipleMessages" time="0.000000"></testcase>
		<testcase classname="github.com/petabytecl/gaz/cron" name="TestNewModule/zero_arguments_works_with_defaults" time="0.000000"></testcase>
		<testcase classname="github.com/petabytecl/gaz/cron" name="TestNewModule/returns_valid_di.Module" time="0.000000"></testcase>
		<testcase classname="github.com/petabytecl/gaz/cron" name="TestNewModule/works_without_logger_registered" time="0.000000"></testcase>
		<testcase classname="github.com/petabytecl/gaz/cron" name="TestNewModule" time="0.000000"></testcase>
		<testcase classname="github.com/petabytecl/gaz/cron" name="TestNewScheduler" time="0.000000"></testcase>
		<testcase classname="github.com/petabytecl/gaz/cron" name="TestScheduler_Name" time="0.000000"></testcase>
		<testcase classname="github.com/petabytecl/gaz/cron" name="TestScheduler_RegisterJob_Valid" time="0.000000"></testcase>
		<testcase classname="github.com/petabytecl/gaz/cron" name="TestScheduler_RegisterJob_EmptySchedule" time="0.000000"></testcase>
		<testcase classname="github.com/petabytecl/gaz/cron" name="TestScheduler_RegisterJob_InvalidSchedule" time="0.000000"></testcase>
		<testcase classname="github.com/petabytecl/gaz/cron" name="TestScheduler_StartStop" time="0.000000"></testcase>
		<testcase classname="github.com/petabytecl/gaz/cron" name="TestScheduler_JobCount" time="0.000000"></testcase>
		<testcase classname="github.com/petabytecl/gaz/cron" name="TestScheduler_HealthCheck_Running" time="0.000000"></testcase>
		<testcase classname="github.com/petabytecl/gaz/cron" name="TestScheduler_HealthCheck_NotRunning" time="0.000000"></testcase>
		<testcase classname="github.com/petabytecl/gaz/cron" name="TestScheduler_Jobs" time="0.000000"></testcase>
		<testcase classname="github.com/petabytecl/gaz/cron" name="TestScheduler_IsRunning_ThreadSafe" time="0.000000"></testcase>
		<testcase classname="github.com/petabytecl/gaz/cron" name="TestScheduler_RegisterMultipleJobs" time="0.000000"></testcase>
		<testcase classname="github.com/petabytecl/gaz/cron" name="TestScheduler_PredefinedSchedules" time="0.000000"></testcase>
		<testcase classname="github.com/petabytecl/gaz/cron" name="TestMockJob" time="0.000000"></testcase>
		<testcase classname="github.com/petabytecl/gaz/cron" name="TestMockJobCustomExpectations" time="0.000000"></testcase>
		<testcase classname="github.com/petabytecl/gaz/cron" name="TestSimpleJob" time="0.000000"></testcase>
		<testcase classname="github.com/petabytecl/gaz/cron" name="TestSimpleJobWithError" time="0.000000"></testcase>
		<testcase classname="github.com/petabytecl/gaz/cron" name="TestSimpleJobSetTimeout" time="0.000000"></testcase>
		<testcase classname="github.com/petabytecl/gaz/cron" name="TestMockResolver" time="0.000000"></testcase>
		<testcase classname="github.com/petabytecl/gaz/cron" name="TestMockResolverWithError" time="0.000000"></testcase>
		<testcase classname="github.com/petabytecl/gaz/cron" name="TestTestScheduler" time="0.000000"></testcase>
		<testcase classname="github.com/petabytecl/gaz/cron" name="TestTestSchedulerWithCustomResolver" time="0.000000"></testcase>
		<testcase classname="github.com/petabytecl/gaz/cron" name="TestRequireJobRan" time="0.000000"></testcase>
		<testcase classname="github.com/petabytecl/gaz/cron" name="TestRequireJobRunCount" time="0.000000"></testcase>
		<testcase classname="github.com/petabytecl/gaz/cron" name="TestRequireJobNotRan" time="0.000000"></testcase>
		<testcase classname="github.com/petabytecl/gaz/cron" name="TestRequireSchedulerRunning" time="0.000000"></testcase>
		<testcase classname="github.com/petabytecl/gaz/cron" name="TestRequireSchedulerNotRunning" time="0.000000"></testcase>
		<testcase classname="github.com/petabytecl/gaz/cron" name="TestNewJobWrapper" time="0.000000"></testcase>
		<testcase classname="github.com/petabytecl/gaz/cron" name="TestJobWrapper_Run_Success" time="0.000000"></testcase>
		<testcase classname="github.com/petabytecl/gaz/cron" name="TestJobWrapper_Run_Error" time="0.000000"></testcase>
		<testcase classname="github.com/petabytecl/gaz/cron" name="TestJobWrapper_Run_Panic" time="0.000000"></testcase>
		<testcase classname="github.com/petabytecl/gaz/cron" name="TestJobWrapper_Run_Timeout" time="0.050000"></testcase>
		<testcase classname="github.com/petabytecl/gaz/cron" name="TestJobWrapper_Run_ContextCancelled" time="0.050000"></testcase>
		<testcase classname="github.com/petabytecl/gaz/cron" name="TestJobWrapper_StatusTracking" time="0.000000"></testcase>
		<testcase classname="github.com/petabytecl/gaz/cron" name="TestJobWrapper_TransientResolution" time="0.000000"></testcase>
		<testcase classname="github.com/petabytecl/gaz/cron" name="TestJobWrapper_ResolutionError" time="0.000000"></testcase>
		<testcase classname="github.com/petabytecl/gaz/cron" name="TestJobWrapper_TypeAssertionError" time="0.000000"></testcase>
		<testcase classname="github.com/petabytecl/gaz/cron" name="TestJobWrapper_NoTimeout" time="0.000000"></testcase>
		<testcase classname="github.com/petabytecl/gaz/cron" name="TestJobWrapper_WithTimeout" time="0.000000"></testcase>
		<testcase classname="github.com/petabytecl/gaz/cron" name="TestJobWrapper_ConcurrentAccess" time="0.010000"></testcase>
		<testcase classname="github.com/petabytecl/gaz/cron" name="TestJobWrapper_PanicWithValue" time="0.000000"></testcase>
		<testcase classname="github.com/petabytecl/gaz/cron" name="TestJobWrapper_PanicWithError" time="0.000000"></testcase>
		<testcase classname="github.com/petabytecl/gaz/cron" name="TestJobWrapper_DurationLogging" time="0.050000"></testcase>
		<testcase classname="github.com/petabytecl/gaz/cron" name="Example_job" time="0.000000"></testcase>
		<testcase classname="github.com/petabytecl/gaz/cron" name="ExampleNewScheduler" time="0.000000"></testcase>
		<testcase classname="github.com/petabytecl/gaz/cron" name="ExampleScheduler_RegisterJob" time="0.000000"></testcase>
		<testcase classname="github.com/petabytecl/gaz/cron" name="ExampleScheduler_OnStart" time="0.000000"></testcase>
		<testcase classname="github.com/petabytecl/gaz/cron" name="ExampleNewModule" time="0.000000"></testcase>
		<testcase classname="github.com/petabytecl/gaz/cron" name="ExampleSimpleJob" time="0.000000"></testcase>
		<testcase classname="github.com/petabytecl/gaz/cron" name="ExampleMockJob" time="0.000000"></testcase>
		<testcase classname="github.com/petabytecl/gaz/cron" name="ExampleMockResolver" time="0.000000"></testcase>
		<testcase classname="github.com/petabytecl/gaz/cron" name="ExampleTestScheduler" time="0.000000"></testcase>
		<testcase classname="github.com/petabytecl/gaz/cron" name="Example_cronExpression" time="0.000000"></testcase>
		<testcase classname="github.com/petabytecl/gaz/cron" name="Example_disabledJob" time="0.000000"></testcase>
		<testcase classname="github.com/petabytecl/gaz/cron" name="Example_moduleIntegration" time="0.000000"></testcase>
		<testcase classname="github.com/petabytecl/gaz/cron" name="Example_jobWithTimeout" time="0.000000"></testcase>
		<testcase classname="github.com/petabytecl/gaz/cron" name="Example_healthCheck" time="0.000000"></testcase>
	</testsuite>
	<testsuite tests="177" failures="0" time="0.018000" name="github.com/petabytecl/gaz/di" timestamp="2026-02-01T14:44:57-03:00">
		<properties>
			<property name="go.version" value="go1.25.6 linux/amd64"></property>
		</properties>
		<testcase classname="github.com/petabytecl/gaz/di" name="TestContainerSuite/TestBuild_EagerError_PropagatesWithContext" time="0.000000"></testcase>
		<testcase classname="github.com/petabytecl/gaz/di" name="TestContainerSuite/TestBuild_Idempotent" time="0.000000"></testcase>
		<testcase classname="github.com/petabytecl/gaz/di" name="TestContainerSuite/TestBuild_InstantiatesEagerServices" time="0.000000"></testcase>
		<testcase classname="github.com/petabytecl/gaz/di" name="TestContainerSuite/TestBuild_ResolveAfterBuild_ReturnsCachedEagerService" time="0.000000"></testcase>
		<testcase classname="github.com/petabytecl/gaz/di" name="TestContainerSuite/TestDI01_RegisterWithGenerics" time="0.000000"></testcase>
		<testcase classname="github.com/petabytecl/gaz/di" name="TestContainerSuite/TestDI02_LazyInstantiation" time="0.000000"></testcase>
		<testcase classname="github.com/petabytecl/gaz/di" name="TestContainerSuite/TestDI03_ErrorPropagation" time="0.000000"></testcase>
		<testcase classname="github.com/petabytecl/gaz/di" name="TestContainerSuite/TestDI04_NamedImplementations" time="0.000000"></testcase>
		<testcase classname="github.com/petabytecl/gaz/di" name="TestContainerSuite/TestDI07_TransientServices" time="0.000000"></testcase>
		<testcase classname="github.com/petabytecl/gaz/di" name="TestContainerSuite/TestDI08_EagerServices" time="0.000000"></testcase>
		<testcase classname="github.com/petabytecl/gaz/di" name="TestContainerSuite/TestDI09_CycleDetection" time="0.000000"></testcase>
		<testcase classname="github.com/petabytecl/gaz/di" name="TestContainerSuite/TestForEachService_Empty" time="0.000000"></testcase>
		<testcase classname="github.com/petabytecl/gaz/di" name="TestContainerSuite/TestForEachService_WithServices" time="0.000000"></testcase>
		<testcase classname="github.com/petabytecl/gaz/di" name="TestContainerSuite/TestGetGraph_Empty" time="0.000000"></testcase>
		<testcase classname="github.com/petabytecl/gaz/di" name="TestContainerSuite/TestGetGraph_ReturnsDeepCopy" time="0.000000"></testcase>
		<testcase classname="github.com/petabytecl/gaz/di" name="TestContainerSuite/TestGetGraph_WithDependencies" time="0.000000"></testcase>
		<testcase classname="github.com/petabytecl/gaz/di" name="TestContainerSuite/TestGetService_Found" time="0.000000"></testcase>
		<testcase classname="github.com/petabytecl/gaz/di" name="TestContainerSuite/TestGetService_NotFound" time="0.000000"></testcase>
		<testcase classname="github.com/petabytecl/gaz/di" name="TestContainerSuite/TestHasService_Named" time="0.000000"></testcase>
		<testcase classname="github.com/petabytecl/gaz/di" name="TestContainerSuite/TestHasService_NotRegistered" time="0.000000"></testcase>
		<testcase classname="github.com/petabytecl/gaz/di" name="TestContainerSuite/TestHasService_Registered" time="0.000000"></testcase>
		<testcase classname="github.com/petabytecl/gaz/di" name="TestContainerSuite/TestHas_NotRegistered" time="0.000000"></testcase>
		<testcase classname="github.com/petabytecl/gaz/di" name="TestContainerSuite/TestHas_Registered" time="0.000000"></testcase>
		<testcase classname="github.com/petabytecl/gaz/di" name="TestContainerSuite/TestList_Empty" time="0.000000"></testcase>
		<testcase classname="github.com/petabytecl/gaz/di" name="TestContainerSuite/TestList_Sorted" time="0.000000"></testcase>
		<testcase classname="github.com/petabytecl/gaz/di" name="TestContainerSuite/TestList_WithServices" time="0.000000"></testcase>
		<testcase classname="github.com/petabytecl/gaz/di" name="TestContainerSuite/TestNew" time="0.000000"></testcase>
		<testcase classname="github.com/petabytecl/gaz/di" name="TestContainerSuite/TestNew_ReturnsDistinctInstances" time="0.000000"></testcase>
		<testcase classname="github.com/petabytecl/gaz/di" name="TestContainerSuite" time="0.000000"></testcase>
		<testcase classname="github.com/petabytecl/gaz/di" name="TestInjectSuite/TestInjectStruct_DependencyResolutionError" time="0.000000"></testcase>
		<testcase classname="github.com/petabytecl/gaz/di" name="TestInjectSuite/TestInjectStruct_FieldWithoutGazTag" time="0.000000"></testcase>
		<testcase classname="github.com/petabytecl/gaz/di" name="TestInjectSuite/TestInjectStruct_GazTagWithoutInject" time="0.000000"></testcase>
		<testcase classname="github.com/petabytecl/gaz/di" name="TestInjectSuite/TestInjectStruct_NonPointer" time="0.000000"></testcase>
		<testcase classname="github.com/petabytecl/gaz/di" name="TestInjectSuite/TestInjectStruct_NonStructPointer" time="0.000000"></testcase>
		<testcase classname="github.com/petabytecl/gaz/di" name="TestInjectSuite/TestInjectStruct_OptionalMissingService" time="0.000000"></testcase>
		<testcase classname="github.com/petabytecl/gaz/di" name="TestInjectSuite/TestInjectStruct_RequiredMissingService" time="0.000000"></testcase>
		<testcase classname="github.com/petabytecl/gaz/di" name="TestInjectSuite/TestInjectStruct_SuccessfulInjectionByName" time="0.000000"></testcase>
		<testcase classname="github.com/petabytecl/gaz/di" name="TestInjectSuite/TestInjectStruct_SuccessfulInjectionByType" time="0.000000"></testcase>
		<testcase classname="github.com/petabytecl/gaz/di" name="TestInjectSuite/TestInjectStruct_TypeMismatch" time="0.000000"></testcase>
		<testcase classname="github.com/petabytecl/gaz/di" name="TestInjectSuite/TestInjectStruct_UnexportedField" time="0.000000"></testcase>
		<testcase classname="github.com/petabytecl/gaz/di" name="TestInjectSuite/TestParseTag_Empty" time="0.000000"></testcase>
		<testcase classname="github.com/petabytecl/gaz/di" name="TestInjectSuite/TestParseTag_InjectOnly" time="0.000000"></testcase>
		<testcase classname="github.com/petabytecl/gaz/di" name="TestInjectSuite/TestParseTag_InjectWithName" time="0.000000"></testcase>
		<testcase classname="github.com/petabytecl/gaz/di" name="TestInjectSuite/TestParseTag_InjectWithNameAndOptional" time="0.000000"></testcase>
		<testcase classname="github.com/petabytecl/gaz/di" name="TestInjectSuite/TestParseTag_InjectWithOptional" time="0.000000"></testcase>
		<testcase classname="github.com/petabytecl/gaz/di" name="TestInjectSuite/TestParseTag_NameOnly" time="0.000000"></testcase>
		<testcase classname="github.com/petabytecl/gaz/di" name="TestInjectSuite/TestParseTag_OptionalWithoutInject" time="0.000000"></testcase>
		<testcase classname="github.com/petabytecl/gaz/di" name="TestInjectSuite/TestParseTag_WhitespaceHandling" time="0.000000"></testcase>
		<testcase classname="github.com/petabytecl/gaz/di" name="TestInjectSuite" time="0.000000"></testcase>
		<testcase classname="github.com/petabytecl/gaz/di" name="TestHasLifecycle_AutoDetection/LazySingleton_detects_Starter_interface" time="0.000000"></testcase>
		<testcase classname="github.com/petabytecl/gaz/di" name="TestHasLifecycle_AutoDetection/LazySingleton_detects_Stopper_interface" time="0.000000"></testcase>
		<testcase classname="github.com/petabytecl/gaz/di" name="TestHasLifecycle_AutoDetection/LazySingleton_returns_false_for_no_lifecycle" time="0.000000"></testcase>
		<testcase classname="github.com/petabytecl/gaz/di" name="TestHasLifecycle_AutoDetection" time="0.000000"></testcase>
		<testcase classname="github.com/petabytecl/gaz/di" name="TestLifecycleEngineSuite/TestComputeShutdownOrder_DI_EmptyOrder" time="0.000000"></testcase>
		<testcase classname="github.com/petabytecl/gaz/di" name="TestLifecycleEngineSuite/TestComputeShutdownOrder_DI_MultipleLayers" time="0.000000"></testcase>
		<testcase classname="github.com/petabytecl/gaz/di" name="TestLifecycleEngineSuite/TestComputeShutdownOrder_DI_ReversesStartupOrder" time="0.000000"></testcase>
		<testcase classname="github.com/petabytecl/gaz/di" name="TestLifecycleEngineSuite/TestComputeShutdownOrder_DI_SingleLayer" time="0.000000"></testcase>
		<testcase classname="github.com/petabytecl/gaz/di" name="TestLifecycleEngineSuite/TestComputeStartupOrder_DI_CircularDependency" time="0.000000"></testcase>
		<testcase classname="github.com/petabytecl/gaz/di" name="TestLifecycleEngineSuite/TestComputeStartupOrder_DI_EmptyGraph" time="0.000000"></testcase>
		<testcase classname="github.com/petabytecl/gaz/di" name="TestLifecycleEngineSuite/TestComputeStartupOrder_DI_GraphWithServicesNoGraph" time="0.000000"></testcase>
		<testcase classname="github.com/petabytecl/gaz/di" name="TestLifecycleEngineSuite/TestComputeStartupOrder_DI_LinearDependencyChain" time="0.000000"></testcase>
		<testcase classname="github.com/petabytecl/gaz/di" name="TestLifecycleEngineSuite/TestComputeStartupOrder_DI_MultipleWaves" time="0.000000"></testcase>
		<testcase classname="github.com/petabytecl/gaz/di" name="TestLifecycleEngineSuite/TestComputeStartupOrder_DI_NoDependencies" time="0.000000"></testcase>
		<testcase classname="github.com/petabytecl/gaz/di" name="TestLifecycleEngineSuite/TestComputeStartupOrder_DI_NodeInGraphButNotInServices" time="0.000000"></testcase>
		<testcase classname="github.com/petabytecl/gaz/di" name="TestLifecycleEngineSuite/TestComputeStartupOrder_DI_ServicesWithoutLifecycle" time="0.000000"></testcase>
		<testcase classname="github.com/petabytecl/gaz/di" name="TestLifecycleEngineSuite" time="0.000000"></testcase>
		<testcase classname="github.com/petabytecl/gaz/di" name="TestWithHookTimeout" time="0.000000"></testcase>
		<testcase classname="github.com/petabytecl/gaz/di" name="TestWithHookTimeout_MultipleApply" time="0.000000"></testcase>
		<testcase classname="github.com/petabytecl/gaz/di" name="TestWithHookTimeout_ZeroDuration" time="0.000000"></testcase>
		<testcase classname="github.com/petabytecl/gaz/di" name="TestRegistrationSuite/TestFor_ChainedOptions_Work" time="0.000000"></testcase>
		<testcase classname="github.com/petabytecl/gaz/di" name="TestRegistrationSuite/TestFor_Duplicate_Instance_ReturnsError" time="0.000000"></testcase>
		<testcase classname="github.com/petabytecl/gaz/di" name="TestRegistrationSuite/TestFor_Duplicate_ReturnsError" time="0.000000"></testcase>
		<testcase classname="github.com/petabytecl/gaz/di" name="TestRegistrationSuite/TestFor_Eager_CreatesEagerService" time="0.000000"></testcase>
		<testcase classname="github.com/petabytecl/gaz/di" name="TestRegistrationSuite/TestFor_Instance_RegistersValue" time="0.000000"></testcase>
		<testcase classname="github.com/petabytecl/gaz/di" name="TestRegistrationSuite/TestFor_Named_CreatesSeparateEntry" time="0.000000"></testcase>
		<testcase classname="github.com/petabytecl/gaz/di" name="TestRegistrationSuite/TestFor_Named_DuplicateSameName_ReturnsError" time="0.000000"></testcase>
		<testcase classname="github.com/petabytecl/gaz/di" name="TestRegistrationSuite/TestFor_ProviderFunc_RegistersService" time="0.000000"></testcase>
		<testcase classname="github.com/petabytecl/gaz/di" name="TestRegistrationSuite/TestFor_Provider_RegistersService" time="0.000000"></testcase>
		<testcase classname="github.com/petabytecl/gaz/di" name="TestRegistrationSuite/TestFor_Provider_ReturnsProviderError" time="0.000000"></testcase>
		<testcase classname="github.com/petabytecl/gaz/di" name="TestRegistrationSuite/TestFor_Replace_AllowsOverwrite" time="0.000000"></testcase>
		<testcase classname="github.com/petabytecl/gaz/di" name="TestRegistrationSuite/TestFor_Replace_Instance_AllowsOverwrite" time="0.000000"></testcase>
		<testcase classname="github.com/petabytecl/gaz/di" name="TestRegistrationSuite/TestFor_Transient_CreatesTransientService" time="0.000000"></testcase>
		<testcase classname="github.com/petabytecl/gaz/di" name="TestRegistrationSuite" time="0.000000"></testcase>
		<testcase classname="github.com/petabytecl/gaz/di" name="TestResolutionSuite/TestMustResolve_PanicMessageContainsTypeName" time="0.000000"></testcase>
		<testcase classname="github.com/petabytecl/gaz/di" name="TestResolutionSuite/TestMustResolve_PanicsOnNotFound" time="0.000000"></testcase>
		<testcase classname="github.com/petabytecl/gaz/di" name="TestResolutionSuite/TestMustResolve_PanicsOnProviderError" time="0.000000"></testcase>
		<testcase classname="github.com/petabytecl/gaz/di" name="TestResolutionSuite/TestMustResolve_Success" time="0.000000"></testcase>
		<testcase classname="github.com/petabytecl/gaz/di" name="TestResolutionSuite/TestMustResolve_WithNamed" time="0.000000"></testcase>
		<testcase classname="github.com/petabytecl/gaz/di" name="TestResolutionSuite/TestNewTestContainer_CanRegisterAndResolve" time="0.000000"></testcase>
		<testcase classname="github.com/petabytecl/gaz/di" name="TestResolutionSuite/TestNewTestContainer_FunctionallyIdenticalToNew" time="0.000000"></testcase>
		<testcase classname="github.com/petabytecl/gaz/di" name="TestResolutionSuite/TestNewTestContainer_ReturnsValidContainer" time="0.000000"></testcase>
		<testcase classname="github.com/petabytecl/gaz/di" name="TestResolutionSuite/TestResolve_BasicResolution" time="0.000000"></testcase>
[...]
		<testcase classname="github.com/petabytecl/gaz/gaztest" name="TestExample_HealthWithTestConfig" time="0.000000"></testcase>
		<testcase classname="github.com/petabytecl/gaz/gaztest" name="TestNew_DefaultTimeout" time="0.000000"></testcase>
		<testcase classname="github.com/petabytecl/gaz/gaztest" name="TestBuilder_WithTimeout" time="0.000000"></testcase>
		<testcase classname="github.com/petabytecl/gaz/gaztest" name="TestBuilder_Replace" time="0.000000"></testcase>
		<testcase classname="github.com/petabytecl/gaz/gaztest" name="TestBuilder_Build" time="0.000000"></testcase>
		<testcase classname="github.com/petabytecl/gaz/gaztest" name="TestBuilder_Build_RegistersCleanup" time="0.000000"></testcase>
		<testcase classname="github.com/petabytecl/gaz/gaztest" name="TestApp_RequireStart" time="0.000000"></testcase>
		<testcase classname="github.com/petabytecl/gaz/gaztest" name="TestApp_RequireStart_ReturnsApp" time="0.000000"></testcase>
		<testcase classname="github.com/petabytecl/gaz/gaztest" name="TestApp_RequireStop" time="0.000000"></testcase>
		<testcase classname="github.com/petabytecl/gaz/gaztest" name="TestApp_RequireStop_Idempotent" time="0.000000"></testcase>
		<testcase classname="github.com/petabytecl/gaz/gaztest" name="TestApp_AutoCleanup" time="0.000000"></testcase>
		<testcase classname="github.com/petabytecl/gaz/gaztest" name="TestBuilder_ReplaceTypeNotRegistered" time="0.000000"></testcase>
		<testcase classname="github.com/petabytecl/gaz/gaztest" name="TestBuilder_ReplaceNil" time="0.000000"></testcase>
		<testcase classname="github.com/petabytecl/gaz/gaztest" name="TestReplace_SwapsImplementation" time="0.000000"></testcase>
		<testcase classname="github.com/petabytecl/gaz/gaztest" name="TestReplace_MultipleServices" time="0.000000"></testcase>
		<testcase classname="github.com/petabytecl/gaz/gaztest" name="TestApp_DoubleStop_Idempotent" time="0.000000"></testcase>
		<testcase classname="github.com/petabytecl/gaz/gaztest" name="TestCleanup_RunsEvenIfTestPanics" time="0.000000"></testcase>
		<testcase classname="github.com/petabytecl/gaz/gaztest" name="TestBuilder_WithApp_AllowsServiceResolution" time="0.000000"></testcase>
		<testcase classname="github.com/petabytecl/gaz/gaztest" name="TestRequireStart_Idempotent" time="0.000000"></testcase>
		<testcase classname="github.com/petabytecl/gaz/gaztest" name="TestBuilder_WithModules" time="0.000000"></testcase>
		<testcase classname="github.com/petabytecl/gaz/gaztest" name="TestBuilder_WithModules_MultipleModules" time="0.000000"></testcase>
		<testcase classname="github.com/petabytecl/gaz/gaztest" name="TestBuilder_WithApp_AndModules_Panics" time="0.000000"></testcase>
		<testcase classname="github.com/petabytecl/gaz/gaztest" name="TestBuilder_WithConfigMap" time="0.000000"></testcase>
		<testcase classname="github.com/petabytecl/gaz/gaztest" name="TestRequireResolve_Success" time="0.000000"></testcase>
		<testcase classname="github.com/petabytecl/gaz/gaztest" name="TestRequireResolve_NotRegistered" time="0.000000"></testcase>
		<testcase classname="github.com/petabytecl/gaz/gaztest" name="Example_subsystemHelpers" time="0.000000"></testcase>
	</testsuite>
	<testsuite tests="41" failures="0" time="0.106000" name="github.com/petabytecl/gaz/health" timestamp="2026-02-01T14:44:57-03:00">
		<properties>
			<property name="go.version" value="go1.25.6 linux/amd64"></property>
		</properties>
		<testcase classname="github.com/petabytecl/gaz/health" name="TestHandlers/Liveness" time="0.000000"></testcase>
		<testcase classname="github.com/petabytecl/gaz/health" name="TestHandlers/Readiness" time="0.000000"></testcase>
		<testcase classname="github.com/petabytecl/gaz/health" name="TestHandlers/Startup" time="0.000000"></testcase>
		<testcase classname="github.com/petabytecl/gaz/health" name="TestHandlers" time="0.000000"></testcase>
		<testcase classname="github.com/petabytecl/gaz/health" name="TestHandlersSuccess/LivenessSuccess" time="0.000000"></testcase>
		<testcase classname="github.com/petabytecl/gaz/health" name="TestHandlersSuccess" time="0.000000"></testcase>
		<testcase classname="github.com/petabytecl/gaz/health" name="TestManager_LivenessChecker" time="0.000000"></testcase>
		<testcase classname="github.com/petabytecl/gaz/health" name="TestManager_ReadinessChecker" time="0.000000"></testcase>
		<testcase classname="github.com/petabytecl/gaz/health" name="TestManager_StartupChecker" time="0.000000"></testcase>
		<testcase classname="github.com/petabytecl/gaz/health" name="TestModule" time="0.000000"></testcase>
		<testcase classname="github.com/petabytecl/gaz/health" name="TestModule_ShutdownCheckError" time="0.000000"></testcase>
		<testcase classname="github.com/petabytecl/gaz/health" name="TestModule_ManagerError" time="0.000000"></testcase>
		<testcase classname="github.com/petabytecl/gaz/health" name="TestModule_ManagementServerError" time="0.000000"></testcase>
		<testcase classname="github.com/petabytecl/gaz/health" name="TestModule_ConfigNotRegistered" time="0.000000"></testcase>
		<testcase classname="github.com/petabytecl/gaz/health" name="TestNewModule/zero_arguments_uses_defaults" time="0.000000"></testcase>
		<testcase classname="github.com/petabytecl/gaz/health" name="TestNewModule/WithPort_overrides_port" time="0.000000"></testcase>
		<testcase classname="github.com/petabytecl/gaz/health" name="TestNewModule/multiple_options_combine" time="0.000000"></testcase>
		<testcase classname="github.com/petabytecl/gaz/health" name="TestNewModule/registers_all_health_components" time="0.000000"></testcase>
		<testcase classname="github.com/petabytecl/gaz/health" name="TestNewModule" time="0.000000"></testcase>
		<testcase classname="github.com/petabytecl/gaz/health" name="TestManagementServer_StartStop" time="0.100000"></testcase>
		<testcase classname="github.com/petabytecl/gaz/health" name="TestShutdownCheck" time="0.000000"></testcase>
		<testcase classname="github.com/petabytecl/gaz/health" name="TestTestConfig" time="0.000000"></testcase>
		<testcase classname="github.com/petabytecl/gaz/health" name="TestNewTestConfig" time="0.000000"></testcase>
		<testcase classname="github.com/petabytecl/gaz/health" name="TestMockRegistrar" time="0.000000"></testcase>
		<testcase classname="github.com/petabytecl/gaz/health" name="TestTestManager" time="0.000000"></testcase>
		<testcase classname="github.com/petabytecl/gaz/health" name="TestRequireHealthy" time="0.000000"></testcase>
		<testcase classname="github.com/petabytecl/gaz/health" name="TestRequireUnhealthy" time="0.000000"></testcase>
		<testcase classname="github.com/petabytecl/gaz/health" name="TestRequireCheckRegistered" time="0.000000"></testcase>
		<testcase classname="github.com/petabytecl/gaz/health" name="TestIETFResultWriter" time="0.000000"></testcase>
		<testcase classname="github.com/petabytecl/gaz/health" name="ExampleNewModule" time="0.000000"></testcase>
		<testcase classname="github.com/petabytecl/gaz/health" name="ExampleNewModule_withOptions" time="0.000000"></testcase>
		<testcase classname="github.com/petabytecl/gaz/health" name="ExampleManager_AddReadinessCheck" time="0.000000"></testcase>
		<testcase classname="github.com/petabytecl/gaz/health" name="ExampleManager_AddLivenessCheck" time="0.000000"></testcase>
		<testcase classname="github.com/petabytecl/gaz/health" name="ExampleManager_AddStartupCheck" time="0.000000"></testcase>
		<testcase classname="github.com/petabytecl/gaz/health" name="Example_customCheck" time="0.000000"></testcase>
		<testcase classname="github.com/petabytecl/gaz/health" name="Example_unhealthyCheck" time="0.000000"></testcase>
		<testcase classname="github.com/petabytecl/gaz/health" name="ExampleTestConfig" time="0.000000"></testcase>
		<testcase classname="github.com/petabytecl/gaz/health" name="ExampleNewTestConfig" time="0.000000"></testcase>
		<testcase classname="github.com/petabytecl/gaz/health" name="ExampleTestManager" time="0.000000"></testcase>
		<testcase classname="github.com/petabytecl/gaz/health" name="ExampleShutdownCheck" time="0.000000"></testcase>
		<testcase classname="github.com/petabytecl/gaz/health" name="ExampleDefaultConfig" time="0.000000"></testcase>
	</testsuite>
	<testsuite tests="11" failures="0" time="0.003000" name="github.com/petabytecl/gaz/logger" timestamp="2026-02-01T14:44:57-03:00">
		<properties>
			<property name="go.version" value="go1.25.6 linux/amd64"></property>
		</properties>
		<testcase classname="github.com/petabytecl/gaz/logger" name="TestContextHelpers/TraceID" time="0.000000"></testcase>
		<testcase classname="github.com/petabytecl/gaz/logger" name="TestContextHelpers/RequestID" time="0.000000"></testcase>
		<testcase classname="github.com/petabytecl/gaz/logger" name="TestContextHelpers/Empty" time="0.000000"></testcase>
		<testcase classname="github.com/petabytecl/gaz/logger" name="TestContextHelpers" time="0.000000"></testcase>
		<testcase classname="github.com/petabytecl/gaz/logger" name="TestContextHandler_Handle" time="0.000000"></testcase>
		<testcase classname="github.com/petabytecl/gaz/logger" name="TestNewLogger_JSON" time="0.000000"></testcase>
		<testcase classname="github.com/petabytecl/gaz/logger" name="TestNewLogger_Text" time="0.000000"></testcase>
		<testcase classname="github.com/petabytecl/gaz/logger" name="TestNewLogger_ContextPropagation" time="0.000000"></testcase>
		<testcase classname="github.com/petabytecl/gaz/logger" name="TestRequestIDMiddleware/GeneratesIDIfMissing" time="0.000000"></testcase>
		<testcase classname="github.com/petabytecl/gaz/logger" name="TestRequestIDMiddleware/PreservesIncomingID" time="0.000000"></testcase>
		<testcase classname="github.com/petabytecl/gaz/logger" name="TestRequestIDMiddleware" time="0.000000"></testcase>
	</testsuite>
	<testsuite tests="1" failures="0" time="0.106000" name="github.com/petabytecl/gaz/tests" timestamp="2026-02-01T14:44:57-03:00">
		<properties>
			<property name="go.version" value="go1.25.6 linux/amd64"></property>
		</properties>
		<testcase classname="github.com/petabytecl/gaz/tests" name="TestHealthIntegration" time="0.100000"></testcase>
	</testsuite>
	<testsuite tests="76" failures="0" skipped="1" time="7.110000" name="github.com/petabytecl/gaz/worker" timestamp="2026-02-01T14:44:57-03:00">
		<properties>
			<property name="go.version" value="go1.25.6 linux/amd64"></property>
		</properties>
		<testcase classname="github.com/petabytecl/gaz/worker" name="TestSupervisor_StableRunResetBackoff" time="0.000000">
			<skipped message="=== RUN   TestSupervisor_StableRunResetBackoff&#xA;    supervisor_test.go:225: Stable run period behavior tested implicitly through supervisor code path&#xA;--- SKIP: TestSupervisor_StableRunResetBackoff (0.00s)&#xA;"></skipped>
		</testcase>
		<testcase classname="github.com/petabytecl/gaz/worker" name="TestNewBackoffConfig_ReturnsCorrectDefaults" time="0.000000"></testcase>
		<testcase classname="github.com/petabytecl/gaz/worker" name="TestNewBackoff_CreatesValidInstance" time="0.000000"></testcase>
		<testcase classname="github.com/petabytecl/gaz/worker" name="TestBackoffDuration_IncreasesExponentially" time="0.000000"></testcase>
		<testcase classname="github.com/petabytecl/gaz/worker" name="TestBackoffReset_ResetsToMinimum" time="0.000000"></testcase>
		<testcase classname="github.com/petabytecl/gaz/worker" name="TestBackoffDuration_CappedAtMax" time="0.000000"></testcase>
		<testcase classname="github.com/petabytecl/gaz/worker" name="TestWithBackoffMin_SetsMin" time="0.000000"></testcase>
		<testcase classname="github.com/petabytecl/gaz/worker" name="TestWithBackoffMin_IgnoresZero" time="0.000000"></testcase>
		<testcase classname="github.com/petabytecl/gaz/worker" name="TestWithBackoffMax_SetsMax" time="0.000000"></testcase>
		<testcase classname="github.com/petabytecl/gaz/worker" name="TestWithBackoffMax_IgnoresZero" time="0.000000"></testcase>
		<testcase classname="github.com/petabytecl/gaz/worker" name="TestWithBackoffFactor_SetsFactor" time="0.000000"></testcase>
		<testcase classname="github.com/petabytecl/gaz/worker" name="TestWithBackoffFactor_IgnoresZero" time="0.000000"></testcase>
		<testcase classname="github.com/petabytecl/gaz/worker" name="TestWithBackoffJitter_DisablesJitter" time="0.000000"></testcase>
		<testcase classname="github.com/petabytecl/gaz/worker" name="TestWithBackoffJitter_EnablesJitter" time="0.000000"></testcase>
		<testcase classname="github.com/petabytecl/gaz/worker" name="TestBackoffApply_ChainsMultipleOptions" time="0.000000"></testcase>
		<testcase classname="github.com/petabytecl/gaz/worker" name="TestManager_RegisterAndStart" time="0.000000"></testcase>
		<testcase classname="github.com/petabytecl/gaz/worker" name="TestManager_Stop" time="0.000000"></testcase>
		<testcase classname="github.com/petabytecl/gaz/worker" name="TestManager_PoolWorkers" time="0.000000"></testcase>
		<testcase classname="github.com/petabytecl/gaz/worker" name="TestManager_Done" time="0.000000"></testcase>
		<testcase classname="github.com/petabytecl/gaz/worker" name="TestManager_ConcurrentStart" time="0.000000"></testcase>
		<testcase classname="github.com/petabytecl/gaz/worker" name="TestManager_DoubleStart" time="0.000000"></testcase>
		<testcase classname="github.com/petabytecl/gaz/worker" name="TestManager_RegisterWhileRunning" time="0.000000"></testcase>
		<testcase classname="github.com/petabytecl/gaz/worker" name="TestManager_StopNotRunning" time="0.000000"></testcase>
		<testcase classname="github.com/petabytecl/gaz/worker" name="TestManager_SetCriticalFailHandler" time="0.000000"></testcase>
		<testcase classname="github.com/petabytecl/gaz/worker" name="TestManager_EmptyStart" time="0.000000"></testcase>
		<testcase classname="github.com/petabytecl/gaz/worker" name="TestNewModule/zero_arguments_works_with_defaults" time="0.000000"></testcase>
		<testcase classname="github.com/petabytecl/gaz/worker" name="TestNewModule/returns_valid_di.Module" time="0.000000"></testcase>
		<testcase classname="github.com/petabytecl/gaz/worker" name="TestNewModule/works_without_logger_registered" time="0.000000"></testcase>
		<testcase classname="github.com/petabytecl/gaz/worker" name="TestNewModule" time="0.000000"></testcase>
		<testcase classname="github.com/petabytecl/gaz/worker" name="TestDefaultWorkerOptions_ReturnsSensibleDefaults" time="0.000000"></testcase>
		<testcase classname="github.com/petabytecl/gaz/worker" name="TestWithPoolSize_SetsPoolSize" time="0.000000"></testcase>
		<testcase classname="github.com/petabytecl/gaz/worker" name="TestWithPoolSize_IgnoresZero" time="0.000000"></testcase>
		<testcase classname="github.com/petabytecl/gaz/worker" name="TestWithPoolSize_IgnoresNegative" time="0.000000"></testcase>
		<testcase classname="github.com/petabytecl/gaz/worker" name="TestWithCritical_SetsCriticalTrue" time="0.000000"></testcase>
		<testcase classname="github.com/petabytecl/gaz/worker" name="TestWithStableRunPeriod_SetsPeriod" time="0.000000"></testcase>
		<testcase classname="github.com/petabytecl/gaz/worker" name="TestWithStableRunPeriod_IgnoresZero" time="0.000000"></testcase>
		<testcase classname="github.com/petabytecl/gaz/worker" name="TestWithMaxRestarts_SetsMaxRestarts" time="0.000000"></testcase>
		<testcase classname="github.com/petabytecl/gaz/worker" name="TestWithMaxRestarts_IgnoresZero" time="0.000000"></testcase>
		<testcase classname="github.com/petabytecl/gaz/worker" name="TestWithCircuitWindow_SetsWindow" time="0.000000"></testcase>
		<testcase classname="github.com/petabytecl/gaz/worker" name="TestWithCircuitWindow_IgnoresZero" time="0.000000"></testcase>
		<testcase classname="github.com/petabytecl/gaz/worker" name="TestApplyOptions_ChainsMultipleOptions" time="0.000000"></testcase>
		<testcase classname="github.com/petabytecl/gaz/worker" name="TestSupervisor_PanicRecovery" time="1.000000"></testcase>
		<testcase classname="github.com/petabytecl/gaz/worker" name="TestSupervisor_ExponentialBackoff" time="1.000000"></testcase>
		<testcase classname="github.com/petabytecl/gaz/worker" name="TestSupervisor_CircuitBreaker" time="1.000000"></testcase>
		<testcase classname="github.com/petabytecl/gaz/worker" name="TestSupervisor_CleanExit" time="0.000000"></testcase>
		<testcase classname="github.com/petabytecl/gaz/worker" name="TestSupervisor_CriticalWorkerCallback" time="1.000000"></testcase>
		<testcase classname="github.com/petabytecl/gaz/worker" name="TestSupervisor_StopDuringBackoff" time="0.100000"></testcase>
		<testcase classname="github.com/petabytecl/gaz/worker" name="TestSupervisor_StopMethod" time="0.000000"></testcase>
		<testcase classname="github.com/petabytecl/gaz/worker" name="TestSupervisor_StopBeforeStart" time="0.000000"></testcase>
		<testcase classname="github.com/petabytecl/gaz/worker" name="TestPooledWorker_OnStartOnStop" time="0.000000"></testcase>
		<testcase classname="github.com/petabytecl/gaz/worker" name="TestSupervisor_DeadLetterHandler" time="1.000000"></testcase>
		<testcase classname="github.com/petabytecl/gaz/worker" name="TestSupervisor_DeadLetterHandler_NotCalledWithoutHandler" time="1.000000"></testcase>
		<testcase classname="github.com/petabytecl/gaz/worker" name="TestSupervisor_DeadLetterHandler_PanicRecovery" time="1.000000"></testcase>
		<testcase classname="github.com/petabytecl/gaz/worker" name="TestWithDeadLetterHandler_SetsOption" time="0.000000"></testcase>
		<testcase classname="github.com/petabytecl/gaz/worker" name="TestMockWorker" time="0.000000"></testcase>
		<testcase classname="github.com/petabytecl/gaz/worker" name="TestMockWorkerNamed" time="0.000000"></testcase>
		<testcase classname="github.com/petabytecl/gaz/worker" name="TestMockWorkerCustomExpectations" time="0.000000"></testcase>
		<testcase classname="github.com/petabytecl/gaz/worker" name="TestSimpleWorker" time="0.000000"></testcase>
		<testcase classname="github.com/petabytecl/gaz/worker" name="TestSimpleWorkerWithErrors" time="0.000000"></testcase>
		<testcase classname="github.com/petabytecl/gaz/worker" name="TestTestManager" time="0.000000"></testcase>
		<testcase classname="github.com/petabytecl/gaz/worker" name="TestRequireWorkerStarted" time="0.000000"></testcase>
		<testcase classname="github.com/petabytecl/gaz/worker" name="TestRequireWorkerStopped" time="0.000000"></testcase>
		<testcase classname="github.com/petabytecl/gaz/worker" name="TestRequireWorkerNotStarted" time="0.000000"></testcase>
		<testcase classname="github.com/petabytecl/gaz/worker" name="TestRequireWorkerNotStopped" time="0.000000"></testcase>
		<testcase classname="github.com/petabytecl/gaz/worker" name="Example_worker" time="0.000000"></testcase>
		<testcase classname="github.com/petabytecl/gaz/worker" name="ExampleNewManager" time="0.000000"></testcase>
		<testcase classname="github.com/petabytecl/gaz/worker" name="ExampleManager_Register" time="0.000000"></testcase>
		<testcase classname="github.com/petabytecl/gaz/worker" name="ExampleManager_Start" time="0.000000"></testcase>
		<testcase classname="github.com/petabytecl/gaz/worker" name="ExampleNewModule" time="0.000000"></testcase>
		<testcase classname="github.com/petabytecl/gaz/worker" name="Example_restartPolicy" time="0.000000"></testcase>
		<testcase classname="github.com/petabytecl/gaz/worker" name="ExampleWithPoolSize" time="0.000000"></testcase>
		<testcase classname="github.com/petabytecl/gaz/worker" name="ExampleWithCritical" time="0.000000"></testcase>
		<testcase classname="github.com/petabytecl/gaz/worker" name="ExampleSimpleWorker" time="0.000000"></testcase>
		<testcase classname="github.com/petabytecl/gaz/worker" name="ExampleMockWorker" time="0.000000"></testcase>
		<testcase classname="github.com/petabytecl/gaz/worker" name="ExampleNewMockWorkerNamed" time="0.000000"></testcase>
		<testcase classname="github.com/petabytecl/gaz/worker" name="Example_moduleIntegration" time="0.000000"></testcase>
	</testsuite>
</testsuites>